#
# A fatal error has been detected by the Java Runtime Environment:
#
#  EXCEPTION_ACCESS_VIOLATION (0xc0000005) at pc=0x0000019228188d8f, pid=18084, tid=16948
#
# JRE version: OpenJDK Runtime Environment Temurin-22.0.2+9 (22.0.2+9) (build 22.0.2+9)
# Java VM: OpenJDK 64-Bit Server VM Temurin-22.0.2+9 (22.0.2+9, mixed mode, emulated-client, tiered, compressed oops, compressed class ptrs, g1 gc, windows-amd64)
# Problematic frame:
# v  ~BufferBlob::MethodHandles adapters 0x0000019228188d8f
#
# No core dump will be written. Minidumps are not enabled by default on client versions of Windows
#
# If you would like to submit a bug report, please visit:
#   https://github.com/adoptium/adoptium-support/issues
#

---------------  S U M M A R Y ------------

Command Line: -XX:+ShowCodeDetailsInExceptionMessages -agentlib:jdwp=transport=dt_socket,suspend=y,address=localhost:51014 -Dcom.sun.management.jmxremote -Dcom.sun.management.jmxremote.port=51013 -Dcom.sun.management.jmxremote.authenticate=false -Dcom.sun.management.jmxremote.ssl=false -Djava.rmi.server.hostname=localhost -Dspring.jmx.enabled=true -Dmanagement.endpoints.jmx.exposure.include=* -Dspring.application.admin.enabled=true -XX:TieredStopAtLevel=1 -Dspring.boot.project.name=kos -javaagent:C:\Users\SAMSUNG\eclipse\java-2024-06\eclipse\configuration\org.eclipse.osgi\251\0\.cp\lib\javaagent-shaded.jar -Dfile.encoding=UTF-8 -Dstdout.encoding=UTF-8 -Dstderr.encoding=UTF-8 com.kos.KosApplication --spring.output.ansi.enabled=always

Host: 11th Gen Intel(R) Core(TM) i5-1135G7 @ 2.40GHz, 8 cores, 15G,  Windows 11 , 64 bit Build 22621 (10.0.22621.4391)
Time: Thu Dec 12 11:03:57 2024  Windows 11 , 64 bit Build 22621 (10.0.22621.4391) elapsed time: 4795.511518 seconds (0d 1h 19m 55s)

---------------  T H R E A D  ---------------

Current thread (0x0000019238038710):  JavaThread "http-nio-8080-exec-1" daemon [_thread_in_Java, id=16948, stack(0x0000002213700000,0x0000002213800000) (1024K)]

Stack: [0x0000002213700000,0x0000002213800000],  sp=0x00000022137fcd78,  free space=1011k
Native frames: (J=compiled Java code, j=interpreted, Vv=VM code, C=native code)
C  0x0000019228188d8f  (no source info available)

The last pc belongs to _linkToVirtual (printed below).

siginfo: EXCEPTION_ACCESS_VIOLATION (0xc0000005), reading address 0xffffffffffffffff


Registers:
RAX=0x0000019228139613, RBX=0x000000070783d0f8, RCX=0xfffffffffffffff7, RDX=0x0000000000000002
RSP=0x00000022137fcd78, RBP=0x00000022137fcdc8, RSI=0x00000192386aad08, RDI=0x0000019239b6e9e0
R8 =0x0000000000000004, R9 =0x0000000000000004, R10=0x00007ffc73eb0cc0, R11=0x00000192333da358
R12=0x0000000000000000, R13=0x00000022137fcd78, R14=0x00000022137fcde8, R15=0x0000019238038710
RIP=0x0000019228188d8f, EFLAGS=0x0000000000010202


Register to memory mapping:

RAX=0x0000019228139613 is at code_begin+4499 in an Interpreter codelet
return entry points  [0x0000019228138480, 0x000001922813a388]  7944 bytes
RBX=0x000000070783d0f8 is an oop: com.kos.main.controller.mainController 
{0x000000070783d0f8} - klass: 'com/kos/main/controller/mainController'
 - ---- fields (total size 2 words):
 - 'service' 'Lcom/kos/main/service/mainService;' @12  a 'com/kos/main/service/mainService'{0x000000070771c340} (0xe0ee3868)
RCX=0xfffffffffffffff7 is an unknown value
RDX=0x0000000000000002 is an unknown value
RSP=0x00000022137fcd78 is pointing into the stack for thread: 0x0000019238038710
RBP=0x00000022137fcdc8 is pointing into the stack for thread: 0x0000019238038710
RSI=0x00000192386aad08 points into unknown readable memory: 0x80000c00bb87c9ce | ce c9 87 bb 00 0c 00 80
RDI=0x0000019239b6e9e0 points into unknown readable memory: 0x0000001800000060 | 60 00 00 00 18 00 00 00
R8 =0x0000000000000004 is an unknown value
R9 =0x0000000000000004 is an unknown value
R10=0x00007ffc73eb0cc0 jvm.dll
R11={method} {0x00000192333da360} 'invokeVirtual' '(Ljava/lang/Object;Ljava/lang/Object;)Ljava/lang/Object;' in 'java/lang/invoke/DirectMethodHandle$Holder'
R12=0x0 is null
R13=0x00000022137fcd78 is pointing into the stack for thread: 0x0000019238038710
R14=0x00000022137fcde8 is pointing into the stack for thread: 0x0000019238038710
R15=0x0000019238038710 is a thread

Top of Stack: (sp=0x00000022137fcd78)
0x00000022137fcd78:   0000019228139613 fffffffffffffff7
0x00000022137fcd88:   00000192333da34a 0000000000000004
0x00000022137fcd98:   00000192333df380 00000022137fbaa8
0x00000022137fcda8:   0000000704cb1098 00000192333da358
0x00000022137fcdb8:   fffffffffffffff6 00000022137fcdf0
0x00000022137fcdc8:   00000022137fd0f8 0000019228367bf0
0x00000022137fcdd8:   000000070783d168 000000070783d0f8
0x00000022137fcde8:   000000070783d140 0000000000000000
0x00000022137fcdf8:   0000000000000000 0000a86dbefee641
0x00000022137fce08:   000000070783d198 000000070783d0f8
0x00000022137fce18:   000000070783d1c0 000000070783d140
0x00000022137fce28:   000000070783d0f8 0000019228367b2c
0x00000022137fce38:   00000022137fe160 00000022137fd0f8
0x00000022137fce48:   0000019228b70082 00000192379ea7e8
0x00000022137fce58:   00007ffc739189c6 0000019235cf3740
0x00000022137fce68:   00000022137fbb10 0000019238038710
0x00000022137fce78:   00007ffc73426f01 00000022137fd0f8
0x00000022137fce88:   0000019228470dac 00000022137fbad0
0x00000022137fce98:   00000007000000b7 0000019238038710
0x00000022137fcea8:   00000022137fc7a4 000000b7137f0101
0x00000022137fceb8:   0000000000000c00 0000000000000000
0x00000022137fcec8:   0000000000000000 0000000000000000
0x00000022137fced8:   0000000000000000 0000000000000000
0x00000022137fcee8:   0000000000000000 0000000000000000
0x00000022137fcef8:   0000000000000000 000000070783d1e8
0x00000022137fcf08:   0000000705a17838 000000070783d0f8
0x00000022137fcf18:   0000000706000098 0000000706000098
0x00000022137fcf28:   0000002800000001 000000070745faa0
0x00000022137fcf38:   000000070745faa0 0000000000000037
0x00000022137fcf48:   0000000000000000 0000000709250b00
0x00000022137fcf58:   0000000000000000 00000022137fd0f8
0x00000022137fcf68:   000000070783d198 0000000000000000 

Instructions: (pc=0x0000019228188d8f)
0x0000019228188c8f:   00 88 bb be 73 fc 7f 00 00 00 8d 18 28 92 01 00
0x0000019228188c9f:   00 80 9d 18 28 92 01 00 00 00 8d 18 28 92 01 00
0x0000019228188caf:   00 80 9d 18 28 92 01 00 00 f0 8c 18 28 92 01 00
0x0000019228188cbf:   00 f0 8c 18 28 92 01 00 00 00 00 00 00 00 00 00
0x0000019228188ccf:   00 28 bc be 73 fc 7f 00 00 f0 10 00 00 60 00 00
0x0000019228188cdf:   00 ff ff ff ff f0 10 00 00 00 00 00 00 00 00 00
0x0000019228188cef:   00 00 00 00 00 00 00 00 00 00 00 00 00 00 00 00
0x0000019228188cff:   00 f4 66 66 66 0f 1f 84 00 00 00 00 00 66 66 66
0x0000019228188d0f:   90 66 66 66 0f 1f 84 00 00 00 00 00 66 66 66 90
0x0000019228188d1f:   90 48 8b 53 08 0f b7 52 2e 48 8b 0c d4 8b 59 14
0x0000019228188d2f:   48 c1 e3 03 8b 5b 28 48 c1 e3 03 8b 5b 24 48 c1
0x0000019228188d3f:   e3 03 48 8b 5b 10 48 85 db 0f 84 10 00 00 00 41
0x0000019228188d4f:   80 bf e8 05 00 00 00 74 03 ff 63 38 ff 63 50 e9
0x0000019228188d5f:   9d 72 fd ff 66 66 66 0f 1f 84 00 00 00 00 00 66
0x0000019228188d6f:   66 66 90 66 66 0f 1f 84 00 00 00 00 00 66 66 66
0x0000019228188d7f:   90 48 8b 53 08 0f b7 52 2e 48 8b 0c d4 58 5b 50
0x0000019228188d8f:   44 8b 51 08 4c 8b 5b 10 4b 8b 9c da c8 01 00 00
0x0000019228188d9f:   48 85 db 0f 84 10 00 00 00 41 80 bf e8 05 00 00
0x0000019228188daf:   00 74 03 ff 63 38 ff 63 50 e9 43 72 fd ff 66 66
0x0000019228188dbf:   90 58 5b 50 8b 5b 24 48 c1 e3 03 48 8b 5b 10 48
0x0000019228188dcf:   85 db 0f 84 10 00 00 00 41 80 bf e8 05 00 00 00
0x0000019228188ddf:   74 03 ff 63 38 ff 63 50 e9 14 72 fd ff 66 66 66
0x0000019228188def:   0f 1f 84 00 00 00 00 00 66 66 66 90 0f 1f 44 00
0x0000019228188dff:   00 48 8b 53 08 0f b7 52 2e 48 8b 0c d4 58 5b 50
0x0000019228188e0f:   48 3b 01 8b 5b 24 48 c1 e3 03 48 8b 5b 10 48 85
0x0000019228188e1f:   db 0f 84 10 00 00 00 41 80 bf e8 05 00 00 00 74
0x0000019228188e2f:   03 ff 63 38 ff 63 50 e9 c5 71 fd ff 0f 1f 44 00
0x0000019228188e3f:   00 48 8b 53 08 0f b7 52 2e 48 8b 0c d4 58 5b 50
0x0000019228188e4f:   44 8b 51 08 8b 43 18 48 c1 e0 03 48 8b 40 10 48
0x0000019228188e5f:   8b 5b 10 45 8b 9a a0 00 00 00 4f 8d 9c da c8 01
0x0000019228188e6f:   00 00 4d 8d 14 da 49 8b 1b 48 3b c3 74 15 48 85
0x0000019228188e7f:   db 0f 84 32 00 00 00 49 83 c3 10 49 8b 1b 48 3b 


Stack slot to memory mapping:

stack at sp + 0 slots: 0x0000019228139613 is at code_begin+4499 in an Interpreter codelet
return entry points  [0x0000019228138480, 0x000001922813a388]  7944 bytes
stack at sp + 1 slots: 0xfffffffffffffff7 is an unknown value
stack at sp + 2 slots: 0x00000192333da34a is pointing into metadata
stack at sp + 3 slots: 0x0000000000000004 is an unknown value
stack at sp + 4 slots: 0x00000192333df380 is pointing into metadata
stack at sp + 5 slots: 0x00000022137fbaa8 is pointing into the stack for thread: 0x0000019238038710
stack at sp + 6 slots: 0x0000000704cb1098 is an oop: java.lang.Class 
{0x0000000704cb1098} - klass: 'java/lang/Class'
 - ---- fields (total size 14 words):
 - private volatile transient 'classRedefinedCount' 'I' @12  0 (0x00000000)
 - injected 'klass' 'J' @16  352536232 (0x00000000150346a8)
 - injected 'array_klass' 'J' @24  0 (0x0000000000000000)
 - injected 'oop_size' 'I' @32  14 (0x0000000e)
 - injected 'static_oop_field_count' 'I' @36  0 (0x00000000)
 - private volatile transient 'cachedConstructor' 'Ljava/lang/reflect/Constructor;' @40  null (0x00000000)
 - private transient 'name' 'Ljava/lang/String;' @44  null (0x00000000)
 - private transient 'module' 'Ljava/lang/Module;' @48  a 'java/lang/Module'{0x0000000704cb9370} (0xe099726e)
 - private final 'classLoader' 'Ljava/lang/ClassLoader;' @52  null (0x00000000)
 - private transient 'classData' 'Ljava/lang/Object;' @56  null (0x00000000)
 - private transient 'packageName' 'Ljava/lang/String;' @60  null (0x00000000)
 - private final 'componentType' 'Ljava/lang/Class;' @64  null (0x00000000)
 - private volatile transient 'reflectionData' 'Ljava/lang/ref/SoftReference;' @68  null (0x00000000)
 - private volatile transient 'genericInfo' 'Lsun/reflect/generics/repository/ClassRepository;' @72  null (0x00000000)
 - private volatile transient 'enumConstants' '[Ljava/lang/Object;' @76  null (0x00000000)
 - private volatile transient 'enumConstantDirectory' 'Ljava/util/Map;' @80  null (0x00000000)
 - private volatile transient 'annotationData' 'Ljava/lang/Class$AnnotationData;' @84  null (0x00000000)
 - private volatile transient 'annotationType' 'Lsun/reflect/annotation/AnnotationType;' @88  null (0x00000000)
 - transient 'classValueMap' 'Ljava/lang/ClassValue$ClassValueMap;' @92  null (0x00000000)
 - injected 'protection_domain' 'Ljava/lang/Object;' @96  null (0x00000000)
 - injected 'signers_name' 'Ljava/lang/Object;' @100  null (0x00000000)
 - injected 'source_file' 'Ljava/lang/Object;' @104  null (0x00000000)
 - signature: Ljava/lang/invoke/DirectMethodHandle$Holder;
 - ---- static fields (0):
stack at sp + 7 slots: {method} {0x00000192333da360} 'invokeVirtual' '(Ljava/lang/Object;Ljava/lang/Object;)Ljava/lang/Object;' in 'java/lang/invoke/DirectMethodHandle$Holder'

MethodHandle::interpreter_entry::_linkToVirtual [0x0000019228188d63, 0x0000019228188dbd] (90 bytes)
[MachCode]
  0x0000019228188d63: 6666 660f | 1f84 0000 | 0000 0066 | 6666 9066 | 660f 1f84 | 0000 0000 | 0066 6666 | 9048 8b53 
  0x0000019228188d83: 080f b752 | 2e48 8b0c | d458 5b50 | 448b 5108 | 4c8b 5b10 | 4b8b 9cda | c801 0000 | 4885 db0f 
  0x0000019228188da3: 8410 0000 | 0041 80bf | e805 0000 | 0074 03ff | 6338 ff63 | 50e9 4372 | 
[/MachCode]

---------------  P R O C E S S  ---------------

Threads class SMR info:
_java_thread_list=0x00000192398dfe00, length=39, elements={
0x0000019232ca38f0, 0x0000019232ca4bc0, 0x0000019232cc8b20, 0x0000019232ca97e0,
0x0000019232caa7c0, 0x0000019232cd7520, 0x0000019232cba6a0, 0x0000019232d89da0,
0x0000019232f1c030, 0x0000019232f41070, 0x0000019232f4b690, 0x000001923782f050,
0x0000019237acf010, 0x0000019237ad27c0, 0x0000019237baba70, 0x00000192381afa40,
0x00000192381ecd50, 0x00000192381ee790, 0x00000192397af500, 0x0000019238035fb0,
0x0000019238037360, 0x00000192397aee70, 0x00000192381ee100, 0x00000192381eee20,
0x00000192381efb40, 0x0000019238038080, 0x0000019238035290, 0x0000019238038710,
0x0000019238034c00, 0x0000019238034570, 0x00000192380331c0, 0x0000019238035920,
0x0000019238036640, 0x0000019238033850, 0x0000019238031780, 0x0000019238032b30,
0x0000019238038da0, 0x0000019238031e10, 0x00000192380324a0
}

Java Threads: ( => current thread )
  0x0000019232ca38f0 JavaThread "Reference Handler"          daemon [_thread_blocked, id=17052, stack(0x0000002211500000,0x0000002211600000) (1024K)]
  0x0000019232ca4bc0 JavaThread "Finalizer"                  daemon [_thread_blocked, id=16432, stack(0x0000002211600000,0x0000002211700000) (1024K)]
  0x0000019232cc8b20 JavaThread "Signal Dispatcher"          daemon [_thread_blocked, id=5744, stack(0x0000002211700000,0x0000002211800000) (1024K)]
  0x0000019232ca97e0 JavaThread "Attach Listener"            daemon [_thread_blocked, id=8804, stack(0x0000002211800000,0x0000002211900000) (1024K)]
  0x0000019232caa7c0 JavaThread "Service Thread"             daemon [_thread_blocked, id=5964, stack(0x0000002211900000,0x0000002211a00000) (1024K)]
  0x0000019232cd7520 JavaThread "Monitor Deflation Thread"   daemon [_thread_blocked, id=17384, stack(0x0000002211a00000,0x0000002211b00000) (1024K)]
  0x0000019232cba6a0 JavaThread "C1 CompilerThread0"         daemon [_thread_blocked, id=16880, stack(0x0000002211b00000,0x0000002211c00000) (1024K)]
  0x0000019232d89da0 JavaThread "Common-Cleaner"             daemon [_thread_blocked, id=14528, stack(0x0000002211c00000,0x0000002211d00000) (1024K)]
  0x0000019232f1c030 JavaThread "JDWP Transport Listener: dt_socket" daemon [_thread_blocked, id=16924, stack(0x0000002211e00000,0x0000002211f00000) (1024K)]
  0x0000019232f41070 JavaThread "JDWP Event Helper Thread"   daemon [_thread_blocked, id=8720, stack(0x0000002211f00000,0x0000002212000000) (1024K)]
  0x0000019232f4b690 JavaThread "JDWP Command Reader"        daemon [_thread_in_native, id=1756, stack(0x0000002212000000,0x0000002212100000) (1024K)]
  0x000001923782f050 JavaThread "Notification Thread"        daemon [_thread_blocked, id=16188, stack(0x0000002212100000,0x0000002212200000) (1024K)]
  0x0000019237acf010 JavaThread "RMI TCP Accept-0"           daemon [_thread_in_native, id=16124, stack(0x0000002212300000,0x0000002212400000) (1024K)]
  0x0000019237ad27c0 JavaThread "RMI TCP Accept-51013"       daemon [_thread_in_native, id=12424, stack(0x0000002212400000,0x0000002212500000) (1024K)]
  0x0000019237baba70 JavaThread "RMI TCP Accept-0"           daemon [_thread_in_native, id=17248, stack(0x0000002212c00000,0x0000002212d00000) (1024K)]
  0x00000192381afa40 JavaThread "RMI Scheduler(0)"           daemon [_thread_blocked, id=11184, stack(0x0000002213000000,0x0000002213100000) (1024K)]
  0x00000192381ecd50 JavaThread "oracle.jdbc.driver.BlockSource.ThreadedCachingBlockSource.BlockReleaser" daemon [_thread_blocked, id=17688, stack(0x0000002213800000,0x0000002213900000) (1024K)]
  0x00000192381ee790 JavaThread "InterruptTimer"             daemon [_thread_blocked, id=17840, stack(0x0000002213900000,0x0000002213a00000) (1024K)]
  0x00000192397af500 JavaThread "Live Reload Server"         daemon [_thread_in_native, id=8208, stack(0x0000002213e00000,0x0000002213f00000) (1024K)]
  0x0000019238035fb0 JavaThread "DestroyJavaVM"                     [_thread_blocked, id=17636, stack(0x0000002210d00000,0x0000002210e00000) (1024K)]
  0x0000019238037360 JavaThread "JMX server connection timeout 90" daemon [_thread_blocked, id=6892, stack(0x0000002210b00000,0x0000002210c00000) (1024K)]
  0x00000192397aee70 JavaThread "RMI TCP Connection(idle)"   daemon [_thread_blocked, id=16792, stack(0x0000002210c00000,0x0000002210d00000) (1024K)]
  0x00000192381ee100 JavaThread "Catalina-utility-1"                [_thread_blocked, id=9048, stack(0x0000002212e00000,0x0000002212f00000) (1024K)]
  0x00000192381eee20 JavaThread "Catalina-utility-2"                [_thread_blocked, id=13664, stack(0x0000002212f00000,0x0000002213000000) (1024K)]
  0x00000192381efb40 JavaThread "container-0"                       [_thread_blocked, id=5468, stack(0x0000002213100000,0x0000002213200000) (1024K)]
  0x0000019238038080 JavaThread "HikariPool-3 housekeeper"   daemon [_thread_blocked, id=14476, stack(0x0000002213400000,0x0000002213500000) (1024K)]
  0x0000019238035290 JavaThread "File Watcher"               daemon [_thread_blocked, id=2824, stack(0x0000002213600000,0x0000002213700000) (1024K)]
=>0x0000019238038710 JavaThread "http-nio-8080-exec-1"       daemon [_thread_in_Java, id=16948, stack(0x0000002213700000,0x0000002213800000) (1024K)]
  0x0000019238034c00 JavaThread "http-nio-8080-exec-2"       daemon [_thread_blocked, id=5876, stack(0x0000002213a00000,0x0000002213b00000) (1024K)]
  0x0000019238034570 JavaThread "http-nio-8080-exec-3"       daemon [_thread_in_Java, id=8704, stack(0x0000002213b00000,0x0000002213c00000) (1024K)]
  0x00000192380331c0 JavaThread "http-nio-8080-exec-4"       daemon [_thread_blocked, id=240, stack(0x0000002213c00000,0x0000002213d00000) (1024K)]
  0x0000019238035920 JavaThread "http-nio-8080-exec-5"       daemon [_thread_blocked, id=18120, stack(0x0000002213d00000,0x0000002213e00000) (1024K)]
  0x0000019238036640 JavaThread "http-nio-8080-exec-6"       daemon [_thread_blocked, id=13408, stack(0x0000002213f00000,0x0000002214000000) (1024K)]
  0x0000019238033850 JavaThread "http-nio-8080-exec-7"       daemon [_thread_blocked, id=3824, stack(0x0000002214000000,0x0000002214100000) (1024K)]
  0x0000019238031780 JavaThread "http-nio-8080-exec-8"       daemon [_thread_blocked, id=16676, stack(0x0000002214100000,0x0000002214200000) (1024K)]
  0x0000019238032b30 JavaThread "http-nio-8080-exec-9"       daemon [_thread_blocked, id=18380, stack(0x0000002214200000,0x0000002214300000) (1024K)]
  0x0000019238038da0 JavaThread "http-nio-8080-exec-10"      daemon [_thread_blocked, id=16504, stack(0x0000002214300000,0x0000002214400000) (1024K)]
  0x0000019238031e10 JavaThread "http-nio-8080-Poller"       daemon [_thread_in_native, id=16988, stack(0x0000002214400000,0x0000002214500000) (1024K)]
  0x00000192380324a0 JavaThread "http-nio-8080-Acceptor"     daemon [_thread_in_native, id=16624, stack(0x0000002214500000,0x0000002214600000) (1024K)]
Total: 39

Other Threads:
  0x0000019232bfc750 VMThread "VM Thread"                           [id=3652, stack(0x0000002211400000,0x0000002211500000) (1024K)]
  0x0000019232b90970 WatcherThread "VM Periodic Task Thread"        [id=9376, stack(0x0000002211300000,0x0000002211400000) (1024K)]
  0x00000192246b5d40 WorkerThread "GC Thread#0"                     [id=6060, stack(0x0000002210e00000,0x0000002210f00000) (1024K)]
  0x0000019237ad9f90 WorkerThread "GC Thread#1"                     [id=15884, stack(0x0000002212500000,0x0000002212600000) (1024K)]
  0x0000019237adc350 WorkerThread "GC Thread#2"                     [id=11292, stack(0x0000002212600000,0x0000002212700000) (1024K)]
  0x0000019237ade710 WorkerThread "GC Thread#3"                     [id=14032, stack(0x0000002212700000,0x0000002212800000) (1024K)]
  0x0000019237adeed0 WorkerThread "GC Thread#4"                     [id=4012, stack(0x0000002212800000,0x0000002212900000) (1024K)]
  0x0000019237adf280 WorkerThread "GC Thread#5"                     [id=16320, stack(0x0000002212900000,0x0000002212a00000) (1024K)]
  0x0000019237b00b50 WorkerThread "GC Thread#6"                     [id=1596, stack(0x0000002212a00000,0x0000002212b00000) (1024K)]
  0x0000019237b01110 WorkerThread "GC Thread#7"                     [id=14172, stack(0x0000002212b00000,0x0000002212c00000) (1024K)]
  0x00000192246c7100 ConcurrentGCThread "G1 Main Marker"            [id=7696, stack(0x0000002210f00000,0x0000002211000000) (1024K)]
  0x00000192246c8560 WorkerThread "G1 Conc#0"                       [id=3548, stack(0x0000002211000000,0x0000002211100000) (1024K)]
  0x00000192382c9600 WorkerThread "G1 Conc#1"                       [id=7308, stack(0x0000002213300000,0x0000002213400000) (1024K)]
  0x0000019232a66a10 ConcurrentGCThread "G1 Refine#0"               [id=9024, stack(0x0000002211100000,0x0000002211200000) (1024K)]
  0x0000019232a674a0 ConcurrentGCThread "G1 Service"                [id=2832, stack(0x0000002211200000,0x0000002211300000) (1024K)]
Total: 15

Threads with active compile tasks:
Total: 0

VM state: not at safepoint (normal execution)

VM Mutex/Monitor currently owned by a thread: None

Heap address: 0x0000000704400000, size: 4028 MB, Compressed Oops mode: Zero based, Oop shift amount: 3

CDS archive(s) not mapped
Compressed class space mapped at: 0x0000000015000000-0x0000000055000000, reserved size: 1073741824
Narrow klass base: 0x0000000000000000, Narrow klass shift: 0, Narrow klass range: 0x55000000

GC Precious Log:
 CardTable entry size: 512
 Card Set container configuration: InlinePtr #cards 4 size 8 Array Of Cards #cards 16 size 48 Howl #buckets 8 coarsen threshold 3686 Howl Bitmap #cards 512 size 80 coarsen threshold 460 Card regions per heap region 1 cards per card region 4096
 CPUs: 8 total, 8 available
 Memory: 16107M
 Large Page Support: Disabled
 NUMA Support: Disabled
 Compressed Oops: Enabled (Zero based)
 Heap Region Size: 2M
 Heap Min Capacity: 8M
 Heap Initial Capacity: 252M
 Heap Max Capacity: 4028M
 Pre-touch: Disabled
 Parallel Workers: 8
 Concurrent Workers: 2
 Concurrent Refinement Workers: 8
 Periodic GC: Disabled

Heap:
 garbage-first heap   total reserved 4124672K, committed 98304K, used 53089K [0x0000000704400000, 0x0000000800000000)
  region size 2048K, 13 young (26624K), 3 survivors (6144K)
 Metaspace       used 66168K, committed 66816K, reserved 1114112K
  class space    used 8023K, committed 8320K, reserved 1048576K

Heap Regions: E=young(eden), S=young(survivor), O=old, HS=humongous(starts), HC=humongous(continues), CS=collection set, F=free, TAMS=top-at-mark-start, PB=parsable bottom
|   0|0x0000000704400000, 0x0000000704600000, 0x0000000704600000|100%|HS|  |TAMS 0x0000000704400000| PB 0x0000000704400000| Complete |  0
|   1|0x0000000704600000, 0x0000000704800000, 0x0000000704800000|100%|HC|  |TAMS 0x0000000704600000| PB 0x0000000704600000| Complete |  0
|   2|0x0000000704800000, 0x0000000704a00000, 0x0000000704a00000|100%| O|  |TAMS 0x0000000704800000| PB 0x0000000704800000| Untracked |  0
|   3|0x0000000704a00000, 0x0000000704c00000, 0x0000000704c00000|100%| O|  |TAMS 0x0000000704a00000| PB 0x0000000704a00000| Untracked |  0
|   4|0x0000000704c00000, 0x0000000704dfffe8, 0x0000000704e00000| 99%| O|  |TAMS 0x0000000704c00000| PB 0x0000000704c00000| Untracked |  0
|   5|0x0000000704e00000, 0x0000000705000000, 0x0000000705000000|100%| O|  |TAMS 0x0000000704e00000| PB 0x0000000704e00000| Untracked |  0
|   6|0x0000000705000000, 0x00000007051fffd8, 0x0000000705200000| 99%| O|  |TAMS 0x0000000705000000| PB 0x0000000705000000| Untracked |  0
|   7|0x0000000705200000, 0x00000007053ffff8, 0x0000000705400000| 99%| O|  |TAMS 0x0000000705200000| PB 0x0000000705200000| Untracked |  0
|   8|0x0000000705400000, 0x00000007055ffff0, 0x0000000705600000| 99%| O|  |TAMS 0x0000000705400000| PB 0x0000000705400000| Untracked |  0
|   9|0x0000000705600000, 0x00000007057fffe8, 0x0000000705800000| 99%| O|  |TAMS 0x0000000705600000| PB 0x0000000705600000| Untracked |  0
|  10|0x0000000705800000, 0x00000007058b3270, 0x0000000705a00000| 34%| O|  |TAMS 0x0000000705800000| PB 0x0000000705800000| Untracked |  0
|  11|0x0000000705a00000, 0x0000000705b7d8b0, 0x0000000705c00000| 74%| O|  |TAMS 0x0000000705a00000| PB 0x0000000705a00000| Untracked |  0
|  12|0x0000000705c00000, 0x0000000705dffff8, 0x0000000705e00000| 99%| O|  |TAMS 0x0000000705c00000| PB 0x0000000705c00000| Untracked |  0
|  13|0x0000000705e00000, 0x0000000705fde200, 0x0000000706000000| 93%| O|  |TAMS 0x0000000705e00000| PB 0x0000000705e00000| Untracked |  0
|  14|0x0000000706000000, 0x0000000706200000, 0x0000000706200000|100%| O|  |TAMS 0x0000000706000000| PB 0x0000000706000000| Untracked |  0
|  15|0x0000000706200000, 0x0000000706200000, 0x0000000706400000|  0%| F|  |TAMS 0x0000000706200000| PB 0x0000000706200000| Untracked |  0
|  16|0x0000000706400000, 0x00000007065ffff8, 0x0000000706600000| 99%| O|  |TAMS 0x0000000706400000| PB 0x0000000706400000| Untracked |  0
|  17|0x0000000706600000, 0x0000000706600000, 0x0000000706800000|  0%| F|  |TAMS 0x0000000706600000| PB 0x0000000706600000| Untracked |  0
|  18|0x0000000706800000, 0x0000000706800000, 0x0000000706a00000|  0%| F|  |TAMS 0x0000000706800000| PB 0x0000000706800000| Untracked |  0
|  19|0x0000000706a00000, 0x0000000706a24480, 0x0000000706c00000|  7%| O|  |TAMS 0x0000000706a00000| PB 0x0000000706a00000| Untracked |  0
|  20|0x0000000706c00000, 0x0000000706c00000, 0x0000000706e00000|  0%| F|  |TAMS 0x0000000706c00000| PB 0x0000000706c00000| Untracked |  0
|  21|0x0000000706e00000, 0x0000000706e00000, 0x0000000707000000|  0%| F|  |TAMS 0x0000000706e00000| PB 0x0000000706e00000| Untracked |  0
|  22|0x0000000707000000, 0x0000000707000000, 0x0000000707200000|  0%| F|  |TAMS 0x0000000707000000| PB 0x0000000707000000| Untracked |  0
|  23|0x0000000707200000, 0x0000000707200000, 0x0000000707400000|  0%| F|  |TAMS 0x0000000707200000| PB 0x0000000707200000| Untracked |  0
|  24|0x0000000707400000, 0x00000007075a53c8, 0x0000000707600000| 82%| S|CS|TAMS 0x0000000707400000| PB 0x0000000707400000| Complete |  0
|  25|0x0000000707600000, 0x0000000707800000, 0x0000000707800000|100%| S|CS|TAMS 0x0000000707600000| PB 0x0000000707600000| Complete |  0
|  26|0x0000000707800000, 0x0000000707a00000, 0x0000000707a00000|100%| S|CS|TAMS 0x0000000707800000| PB 0x0000000707800000| Complete |  0
|  27|0x0000000707a00000, 0x0000000707a00000, 0x0000000707c00000|  0%| F|  |TAMS 0x0000000707a00000| PB 0x0000000707a00000| Untracked |  0
|  28|0x0000000707c00000, 0x0000000707c00000, 0x0000000707e00000|  0%| F|  |TAMS 0x0000000707c00000| PB 0x0000000707c00000| Untracked |  0
|  29|0x0000000707e00000, 0x0000000707e00000, 0x0000000708000000|  0%| F|  |TAMS 0x0000000707e00000| PB 0x0000000707e00000| Untracked |  0
|  30|0x0000000708000000, 0x0000000708000000, 0x0000000708200000|  0%| F|  |TAMS 0x0000000708000000| PB 0x0000000708000000| Untracked |  0
|  31|0x0000000708200000, 0x0000000708200000, 0x0000000708400000|  0%| F|  |TAMS 0x0000000708200000| PB 0x0000000708200000| Untracked |  0
|  32|0x0000000708400000, 0x0000000708400000, 0x0000000708600000|  0%| F|  |TAMS 0x0000000708400000| PB 0x0000000708400000| Untracked |  0
|  33|0x0000000708600000, 0x0000000708600000, 0x0000000708800000|  0%| F|  |TAMS 0x0000000708600000| PB 0x0000000708600000| Untracked |  0
|  34|0x0000000708800000, 0x0000000708800000, 0x0000000708a00000|  0%| F|  |TAMS 0x0000000708800000| PB 0x0000000708800000| Untracked |  0
|  35|0x0000000708a00000, 0x0000000708a00000, 0x0000000708c00000|  0%| F|  |TAMS 0x0000000708a00000| PB 0x0000000708a00000| Untracked |  0
|  36|0x0000000708c00000, 0x0000000708c00000, 0x0000000708e00000|  0%| F|  |TAMS 0x0000000708c00000| PB 0x0000000708c00000| Untracked |  0
|  37|0x0000000708e00000, 0x0000000708e00000, 0x0000000709000000|  0%| F|  |TAMS 0x0000000708e00000| PB 0x0000000708e00000| Untracked |  0
|  38|0x0000000709000000, 0x0000000709174d28, 0x0000000709200000| 72%| E|  |TAMS 0x0000000709000000| PB 0x0000000709000000| Complete |  0
|  39|0x0000000709200000, 0x0000000709400000, 0x0000000709400000|100%| E|CS|TAMS 0x0000000709200000| PB 0x0000000709200000| Complete |  0
|  40|0x0000000709400000, 0x0000000709600000, 0x0000000709600000|100%| E|CS|TAMS 0x0000000709400000| PB 0x0000000709400000| Complete |  0
|  41|0x0000000709600000, 0x0000000709800000, 0x0000000709800000|100%| E|CS|TAMS 0x0000000709600000| PB 0x0000000709600000| Complete |  0
|  42|0x0000000709800000, 0x0000000709a00000, 0x0000000709a00000|100%| E|  |TAMS 0x0000000709800000| PB 0x0000000709800000| Complete |  0
|  67|0x000000070ca00000, 0x000000070cc00000, 0x000000070cc00000|100%| E|CS|TAMS 0x000000070ca00000| PB 0x000000070ca00000| Complete |  0
|  68|0x000000070cc00000, 0x000000070ce00000, 0x000000070ce00000|100%| E|CS|TAMS 0x000000070cc00000| PB 0x000000070cc00000| Complete |  0
|  69|0x000000070ce00000, 0x000000070d000000, 0x000000070d000000|100%| E|CS|TAMS 0x000000070ce00000| PB 0x000000070ce00000| Complete |  0
|  70|0x000000070d000000, 0x000000070d200000, 0x000000070d200000|100%| E|CS|TAMS 0x000000070d000000| PB 0x000000070d000000| Complete |  0
| 125|0x0000000713e00000, 0x0000000714000000, 0x0000000714000000|100%| E|CS|TAMS 0x0000000713e00000| PB 0x0000000713e00000| Complete |  0

Card table byte_map: [0x000001922ba20000,0x000001922c200000] _byte_map_base: 0x00000192281fe000

Marking Bits: (CMBitMap*) 0x00000192246b6450
 Bits: [0x000001922c200000, 0x00000192300f0000)

Polling page: 0x00000192225d0000

Metaspace:

Usage:
  Non-class:     56.78 MB used.
      Class:      7.84 MB used.
       Both:     64.62 MB used.

Virtual space:
  Non-class space:       64.00 MB reserved,      57.12 MB ( 89%) committed,  1 nodes.
      Class space:        1.00 GB reserved,       8.12 MB ( <1%) committed,  1 nodes.
             Both:        1.06 GB reserved,      65.25 MB (  6%) committed. 

Chunk freelists:
   Non-Class:  6.50 MB
       Class:  7.94 MB
        Both:  14.44 MB

MaxMetaspaceSize: unlimited
CompressedClassSpaceSize: 1.00 GB
Initial GC threshold: 21.00 MB
Current GC threshold: 108.56 MB
CDS: off
 - commit_granule_bytes: 65536.
 - commit_granule_words: 8192.
 - virtual_space_node_default_size: 8388608.
 - enlarge_chunks_in_place: 1.
 - use_allocation_guard: 0.


Internal statistics:

num_allocs_failed_limit: 9.
num_arena_births: 1298.
num_arena_deaths: 600.
num_vsnodes_births: 2.
num_vsnodes_deaths: 0.
num_space_committed: 1044.
num_space_uncommitted: 0.
num_chunks_returned_to_freelist: 701.
num_chunks_taken_from_freelist: 3544.
num_chunk_merges: 138.
num_chunk_splits: 2169.
num_chunks_enlarged: 1554.
num_inconsistent_stats: 0.

CodeCache: size=49152Kb used=17556Kb max_used=19079Kb free=31595Kb
 bounds [0x0000019228130000, 0x0000019229450000, 0x000001922b130000]
 total_blobs=9043 nmethods=8310 adapters=656
 compilation: enabled
              stopped_count=0, restarted_count=0
 full_count=0

Compilation events (20 events):
Event: 4747.767 Thread 0x0000019232cba6a0 9727   !   1       org.apache.coyote.AbstractProcessor::parseHost (379 bytes)
Event: 4747.770 Thread 0x0000019232cba6a0 nmethod 9727 0x00000192292a7510 code [0x00000192292a7820, 0x00000192292a8530]
Event: 4747.784 Thread 0x0000019232cba6a0 9728       1       oracle.jdbc.driver.OracleResultSetMetaData::getValidColumnIndex (41 bytes)
Event: 4747.786 Thread 0x0000019232cba6a0 nmethod 9728 0x00000192292a6e10 code [0x00000192292a6fe0, 0x00000192292a7328]
Event: 4747.786 Thread 0x0000019232cba6a0 9729       1       oracle.jdbc.driver.OracleResultSetMetaData::getDescription (8 bytes)
Event: 4747.786 Thread 0x0000019232cba6a0 nmethod 9729 0x00000192292a6a90 code [0x00000192292a6c20, 0x00000192292a6d20]
Event: 4747.786 Thread 0x0000019232cba6a0 9730   !   1       oracle.jdbc.driver.OracleStatement::getDescription (65 bytes)
Event: 4747.787 Thread 0x0000019232cba6a0 nmethod 9730 0x00000192292a6310 code [0x00000192292a6500, 0x00000192292a6808]
Event: 4747.787 Thread 0x0000019232cba6a0 9732       1       org.springframework.http.converter.AbstractHttpMessageConverter::canWrite (22 bytes)
Event: 4747.788 Thread 0x0000019232cba6a0 nmethod 9732 0x00000192292a5f10 code [0x00000192292a60c0, 0x00000192292a6220]
Event: 4747.788 Thread 0x0000019232cba6a0 9733       1       java.lang.invoke.LambdaForm$MH/0x00000000154c9000::invoke (53 bytes)
Event: 4747.788 Thread 0x0000019232cba6a0 nmethod 9733 0x00000192292a5890 code [0x00000192292a5a60, 0x00000192292a5ca0]
Event: 4747.788 Thread 0x0000019232cba6a0 9731       1       org.apache.ibatis.executor.resultset.ResultSetWrapper::getColumnNames (5 bytes)
Event: 4747.788 Thread 0x0000019232cba6a0 nmethod 9731 0x00000192292a5590 code [0x00000192292a5720, 0x00000192292a57f0]
Event: 4773.016 Thread 0x0000019232cba6a0 9734       1       com.fasterxml.jackson.databind.ObjectMapper::getSerializationConfig (5 bytes)
Event: 4773.016 Thread 0x0000019232cba6a0 nmethod 9734 0x00000192292a5290 code [0x00000192292a5420, 0x00000192292a54f0]
Event: 4773.016 Thread 0x0000019232cba6a0 9735       1       org.springframework.util.MimeType::checkParameters (62 bytes)
Event: 4773.017 Thread 0x0000019232cba6a0 nmethod 9735 0x00000192292a4690 code [0x00000192292a48e0, 0x00000192292a4e98]
Event: 4773.017 Thread 0x0000019232cba6a0 9736       1       org.apache.coyote.Request::getAttribute (9 bytes)
Event: 4773.017 Thread 0x0000019232cba6a0 nmethod 9736 0x00000192292a4310 code [0x00000192292a44a0, 0x00000192292a45b0]

GC Heap History (20 events):
Event: 358.341 GC heap before
{Heap before GC invocations=18 (full 0):
 garbage-first heap   total reserved 4124672K, committed 98304K, used 83768K [0x0000000704400000, 0x0000000800000000)
  region size 2048K, 27 young (55296K), 3 survivors (6144K)
 Metaspace       used 64037K, committed 64576K, reserved 1114112K
  class space    used 7751K, committed 8000K, reserved 1048576K
}
Event: 358.345 GC heap after
{Heap after GC invocations=19 (full 0):
 garbage-first heap   total reserved 4124672K, committed 98304K, used 35954K [0x0000000704400000, 0x0000000800000000)
  region size 2048K, 3 young (6144K), 3 survivors (6144K)
 Metaspace       used 64037K, committed 64576K, reserved 1114112K
  class space    used 7751K, committed 8000K, reserved 1048576K
}
Event: 910.627 GC heap before
{Heap before GC invocations=19 (full 0):
 garbage-first heap   total reserved 4124672K, committed 98304K, used 83058K [0x0000000704400000, 0x0000000800000000)
  region size 2048K, 27 young (55296K), 3 survivors (6144K)
 Metaspace       used 65623K, committed 66240K, reserved 1114112K
  class space    used 7954K, committed 8256K, reserved 1048576K
}
Event: 910.641 GC heap after
{Heap after GC invocations=20 (full 0):
 garbage-first heap   total reserved 4124672K, committed 98304K, used 36696K [0x0000000704400000, 0x0000000800000000)
  region size 2048K, 3 young (6144K), 3 survivors (6144K)
 Metaspace       used 65623K, committed 66240K, reserved 1114112K
  class space    used 7954K, committed 8256K, reserved 1048576K
}
Event: 2562.695 GC heap before
{Heap before GC invocations=20 (full 0):
 garbage-first heap   total reserved 4124672K, committed 98304K, used 83800K [0x0000000704400000, 0x0000000800000000)
  region size 2048K, 26 young (53248K), 3 survivors (6144K)
 Metaspace       used 65643K, committed 66304K, reserved 1114112K
  class space    used 7959K, committed 8256K, reserved 1048576K
}
Event: 2562.700 GC heap after
{Heap after GC invocations=21 (full 0):
 garbage-first heap   total reserved 4124672K, committed 98304K, used 37245K [0x0000000704400000, 0x0000000800000000)
  region size 2048K, 3 young (6144K), 3 survivors (6144K)
 Metaspace       used 65643K, committed 66304K, reserved 1114112K
  class space    used 7959K, committed 8256K, reserved 1048576K
}
Event: 2649.814 GC heap before
{Heap before GC invocations=21 (full 0):
 garbage-first heap   total reserved 4124672K, committed 98304K, used 41341K [0x0000000704400000, 0x0000000800000000)
  region size 2048K, 6 young (12288K), 3 survivors (6144K)
 Metaspace       used 65769K, committed 66368K, reserved 1114112K
  class space    used 7983K, committed 8256K, reserved 1048576K
}
Event: 2649.862 GC heap after
{Heap after GC invocations=22 (full 1):
 garbage-first heap   total reserved 4124672K, committed 98304K, used 26369K [0x0000000704400000, 0x0000000800000000)
  region size 2048K, 0 young (0K), 0 survivors (0K)
 Metaspace       used 65609K, committed 66368K, reserved 1114112K
  class space    used 7948K, committed 8256K, reserved 1048576K
}
Event: 2650.832 GC heap before
{Heap before GC invocations=22 (full 1):
 garbage-first heap   total reserved 4124672K, committed 98304K, used 81665K [0x0000000704400000, 0x0000000800000000)
  region size 2048K, 28 young (57344K), 0 survivors (0K)
 Metaspace       used 65805K, committed 66432K, reserved 1114112K
  class space    used 7997K, committed 8256K, reserved 1048576K
}
Event: 2650.836 GC heap after
{Heap after GC invocations=23 (full 1):
 garbage-first heap   total reserved 4124672K, committed 98304K, used 30158K [0x0000000704400000, 0x0000000800000000)
  region size 2048K, 2 young (4096K), 2 survivors (4096K)
 Metaspace       used 65805K, committed 66432K, reserved 1114112K
  class space    used 7997K, committed 8256K, reserved 1048576K
}
Event: 2660.603 GC heap before
{Heap before GC invocations=24 (full 1):
 garbage-first heap   total reserved 4124672K, committed 98304K, used 81358K [0x0000000704400000, 0x0000000800000000)
  region size 2048K, 28 young (57344K), 2 survivors (4096K)
 Metaspace       used 66001K, committed 66688K, reserved 1114112K
  class space    used 8017K, committed 8320K, reserved 1048576K
}
Event: 2660.609 GC heap after
{Heap after GC invocations=25 (full 1):
 garbage-first heap   total reserved 4124672K, committed 98304K, used 35132K [0x0000000704400000, 0x0000000800000000)
  region size 2048K, 4 young (8192K), 4 survivors (8192K)
 Metaspace       used 66001K, committed 66688K, reserved 1114112K
  class space    used 8017K, committed 8320K, reserved 1048576K
}
Event: 3461.254 GC heap before
{Heap before GC invocations=25 (full 1):
 garbage-first heap   total reserved 4124672K, committed 98304K, used 69948K [0x0000000704400000, 0x0000000800000000)
  region size 2048K, 22 young (45056K), 4 survivors (8192K)
 Metaspace       used 66027K, committed 66688K, reserved 1114112K
  class space    used 8020K, committed 8320K, reserved 1048576K
}
Event: 3461.302 GC heap after
{Heap after GC invocations=26 (full 2):
 garbage-first heap   total reserved 4124672K, committed 98304K, used 28997K [0x0000000704400000, 0x0000000800000000)
  region size 2048K, 0 young (0K), 0 survivors (0K)
 Metaspace       used 65944K, committed 66688K, reserved 1114112K
  class space    used 8005K, committed 8320K, reserved 1048576K
}
Event: 3461.973 GC heap before
{Heap before GC invocations=26 (full 2):
 garbage-first heap   total reserved 4124672K, committed 98304K, used 82245K [0x0000000704400000, 0x0000000800000000)
  region size 2048K, 26 young (53248K), 0 survivors (0K)
 Metaspace       used 66018K, committed 66688K, reserved 1114112K
  class space    used 8023K, committed 8320K, reserved 1048576K
}
Event: 3461.977 GC heap after
{Heap after GC invocations=27 (full 2):
 garbage-first heap   total reserved 4124672K, committed 98304K, used 32108K [0x0000000704400000, 0x0000000800000000)
  region size 2048K, 2 young (4096K), 2 survivors (4096K)
 Metaspace       used 66018K, committed 66688K, reserved 1114112K
  class space    used 8023K, committed 8320K, reserved 1048576K
}
Event: 3472.595 GC heap before
{Heap before GC invocations=28 (full 2):
 garbage-first heap   total reserved 4124672K, committed 98304K, used 81260K [0x0000000704400000, 0x0000000800000000)
  region size 2048K, 27 young (55296K), 2 survivors (4096K)
 Metaspace       used 66117K, committed 66816K, reserved 1114112K
  class space    used 8017K, committed 8320K, reserved 1048576K
}
Event: 3472.599 GC heap after
{Heap after GC invocations=29 (full 2):
 garbage-first heap   total reserved 4124672K, committed 98304K, used 35507K [0x0000000704400000, 0x0000000800000000)
  region size 2048K, 4 young (8192K), 4 survivors (8192K)
 Metaspace       used 66117K, committed 66816K, reserved 1114112K
  class space    used 8017K, committed 8320K, reserved 1048576K
}
Event: 4381.161 GC heap before
{Heap before GC invocations=29 (full 2):
 garbage-first heap   total reserved 4124672K, committed 98304K, used 76467K [0x0000000704400000, 0x0000000800000000)
  region size 2048K, 25 young (51200K), 4 survivors (8192K)
 Metaspace       used 66139K, committed 66816K, reserved 1114112K
  class space    used 8022K, committed 8320K, reserved 1048576K
}
Event: 4381.171 GC heap after
{Heap after GC invocations=30 (full 2):
 garbage-first heap   total reserved 4124672K, committed 98304K, used 36705K [0x0000000704400000, 0x0000000800000000)
  region size 2048K, 3 young (6144K), 3 survivors (6144K)
 Metaspace       used 66139K, committed 66816K, reserved 1114112K
  class space    used 8022K, committed 8320K, reserved 1048576K
}

Dll operation events (12 events):
Event: 0.040 Loaded shared library C:\Users\SAMSUNG\.p2\pool\plugins\org.eclipse.justj.openjdk.hotspot.jre.full.win32.x86_64_22.0.2.v20240802-1626\jre\bin\java.dll
Event: 0.054 Loaded shared library C:\Users\SAMSUNG\.p2\pool\plugins\org.eclipse.justj.openjdk.hotspot.jre.full.win32.x86_64_22.0.2.v20240802-1626\jre\bin\zip.dll
Event: 0.573 Loaded shared library C:\Users\SAMSUNG\.p2\pool\plugins\org.eclipse.justj.openjdk.hotspot.jre.full.win32.x86_64_22.0.2.v20240802-1626\jre\bin\instrument.dll
Event: 0.588 Loaded shared library C:\Users\SAMSUNG\.p2\pool\plugins\org.eclipse.justj.openjdk.hotspot.jre.full.win32.x86_64_22.0.2.v20240802-1626\jre\bin\net.dll
Event: 0.591 Loaded shared library C:\Users\SAMSUNG\.p2\pool\plugins\org.eclipse.justj.openjdk.hotspot.jre.full.win32.x86_64_22.0.2.v20240802-1626\jre\bin\nio.dll
Event: 0.601 Loaded shared library C:\Users\SAMSUNG\.p2\pool\plugins\org.eclipse.justj.openjdk.hotspot.jre.full.win32.x86_64_22.0.2.v20240802-1626\jre\bin\zip.dll
Event: 0.812 Loaded shared library C:\Users\SAMSUNG\.p2\pool\plugins\org.eclipse.justj.openjdk.hotspot.jre.full.win32.x86_64_22.0.2.v20240802-1626\jre\bin\jimage.dll
Event: 0.869 Loaded shared library C:\Users\SAMSUNG\.p2\pool\plugins\org.eclipse.justj.openjdk.hotspot.jre.full.win32.x86_64_22.0.2.v20240802-1626\jre\bin\management.dll
Event: 0.880 Loaded shared library C:\Users\SAMSUNG\.p2\pool\plugins\org.eclipse.justj.openjdk.hotspot.jre.full.win32.x86_64_22.0.2.v20240802-1626\jre\bin\management_ext.dll
Event: 1.124 Loaded shared library C:\Users\SAMSUNG\.p2\pool\plugins\org.eclipse.justj.openjdk.hotspot.jre.full.win32.x86_64_22.0.2.v20240802-1626\jre\bin\extnet.dll
Event: 1.157 Loaded shared library C:\Users\SAMSUNG\.p2\pool\plugins\org.eclipse.justj.openjdk.hotspot.jre.full.win32.x86_64_22.0.2.v20240802-1626\jre\bin\verify.dll
Event: 2.640 Loaded shared library C:\Users\SAMSUNG\.p2\pool\plugins\org.eclipse.justj.openjdk.hotspot.jre.full.win32.x86_64_22.0.2.v20240802-1626\jre\bin\sunmscapi.dll

Deoptimization events (20 events):
Event: 4773.018 Thread 0x0000019238033850 DEOPT PACKING pc=0x0000019228ef7cd4 sp=0x00000022140fe6e0
Event: 4773.018 Thread 0x0000019238033850 DEOPT UNPACKING pc=0x00000192281888e2 sp=0x00000022140fdba0 mode 1
Event: 4773.018 Thread 0x0000019238033850 DEOPT PACKING pc=0x0000019228e80604 sp=0x00000022140fe7a0
Event: 4773.018 Thread 0x0000019238033850 DEOPT UNPACKING pc=0x00000192281888e2 sp=0x00000022140fdcf0 mode 1
Event: 4773.018 Thread 0x0000019238033850 DEOPT PACKING pc=0x0000019228e7f2fc sp=0x00000022140fe950
Event: 4773.018 Thread 0x0000019238033850 DEOPT UNPACKING pc=0x00000192281888e2 sp=0x00000022140fde10 mode 1
Event: 4773.018 Thread 0x0000019238033850 DEOPT PACKING pc=0x0000019229213a04 sp=0x00000022140fe9d0
Event: 4773.018 Thread 0x0000019238033850 DEOPT UNPACKING pc=0x00000192281888e2 sp=0x00000022140fde68 mode 1
Event: 4773.018 Thread 0x0000019238033850 DEOPT PACKING pc=0x00000192292e040c sp=0x00000022140fea10
Event: 4773.018 Thread 0x0000019238033850 DEOPT UNPACKING pc=0x00000192281888e2 sp=0x00000022140fdf20 mode 1
Event: 4773.018 Thread 0x0000019238033850 DEOPT PACKING pc=0x00000192292df14c sp=0x00000022140feb10
Event: 4773.018 Thread 0x0000019238033850 DEOPT UNPACKING pc=0x00000192281888e2 sp=0x00000022140fe040 mode 1
Event: 4773.018 Thread 0x0000019238033850 DEOPT PACKING pc=0x00000192292e161c sp=0x00000022140fec00
Event: 4773.018 Thread 0x0000019238033850 DEOPT UNPACKING pc=0x00000192281888e2 sp=0x00000022140fe1a8 mode 1
Event: 4773.018 Thread 0x0000019238033850 DEOPT PACKING pc=0x0000019228ea8afc sp=0x00000022140fed70
Event: 4773.018 Thread 0x0000019238033850 DEOPT UNPACKING pc=0x00000192281888e2 sp=0x00000022140fe3c8 mode 1
Event: 4795.392 Thread 0x0000019238038710 DEOPT PACKING pc=0x0000019228eb7b24 sp=0x00000022137fcd90
Event: 4795.392 Thread 0x0000019238038710 DEOPT UNPACKING pc=0x00000192281888e2 sp=0x00000022137fc238 mode 0
Event: 4795.393 Thread 0x0000019238034570 DEOPT PACKING pc=0x0000019228eb7b24 sp=0x0000002213bfccc0
Event: 4795.393 Thread 0x0000019238034570 DEOPT UNPACKING pc=0x00000192281888e2 sp=0x0000002213bfc168 mode 0

Classes loaded (20 events):
Event: 2649.729 Loading class java/util/concurrent/locks/AbstractQueuedSynchronizer$SharedNode
Event: 2649.729 Loading class java/util/concurrent/locks/AbstractQueuedSynchronizer$SharedNode done
Event: 2649.809 Loading class java/util/WeakHashMap$KeyIterator
Event: 2649.809 Loading class java/util/WeakHashMap$HashIterator
Event: 2649.809 Loading class java/util/WeakHashMap$HashIterator done
Event: 2649.809 Loading class java/util/WeakHashMap$KeyIterator done
Event: 2649.863 Loading class java/lang/ref/Finalizer$2
Event: 2649.863 Loading class java/lang/ref/Finalizer$2 done
Event: 2649.863 Loading class java/lang/ref/Finalizer$1
Event: 2649.863 Loading class java/lang/ref/Finalizer$1 done
Event: 2650.488 Loading class java/util/WeakHashMap$EntrySet
Event: 2650.488 Loading class java/util/WeakHashMap$EntrySet done
Event: 2650.488 Loading class java/util/WeakHashMap$EntryIterator
Event: 2650.488 Loading class java/util/WeakHashMap$EntryIterator done
Event: 2651.170 Loading class java/time/DurationEditor
Event: 2651.170 Loading class java/time/DurationEditor done
Event: 3461.998 Loading class java/io/InvalidClassException
Event: 3461.998 Loading class java/io/InvalidClassException done
Event: 3462.677 Loading class java/time/DurationEditor
Event: 3462.677 Loading class java/time/DurationEditor done

Classes unloaded (20 events):
Event: 3462.005 Thread 0x0000019232bfc750 Unloading class 0x000000001568e400 'java/lang/invoke/LambdaForm$MH+0x000000001568e400'
Event: 3462.005 Thread 0x0000019232bfc750 Unloading class 0x000000001569dc00 'java/lang/invoke/LambdaForm$MH+0x000000001569dc00'
Event: 3462.005 Thread 0x0000019232bfc750 Unloading class 0x000000001569d800 'java/lang/invoke/LambdaForm$MH+0x000000001569d800'
Event: 3462.005 Thread 0x0000019232bfc750 Unloading class 0x0000000015146400 'java/lang/invoke/LambdaForm$BMH+0x0000000015146400'
Event: 3462.005 Thread 0x0000019232bfc750 Unloading class 0x0000000015211400 'java/lang/invoke/LambdaForm$MH+0x0000000015211400'
Event: 3462.005 Thread 0x0000019232bfc750 Unloading class 0x000000001541dc00 'java/lang/invoke/LambdaForm$MH+0x000000001541dc00'
Event: 3462.005 Thread 0x0000019232bfc750 Unloading class 0x00000000154c0000 'java/lang/invoke/LambdaForm$MH+0x00000000154c0000'
Event: 3462.005 Thread 0x0000019232bfc750 Unloading class 0x00000000154c8800 'java/lang/invoke/LambdaForm$MH+0x00000000154c8800'
Event: 3462.005 Thread 0x0000019232bfc750 Unloading class 0x00000000154ddc00 'java/lang/invoke/LambdaForm$MH+0x00000000154ddc00'
Event: 3462.005 Thread 0x0000019232bfc750 Unloading class 0x0000000015500000 'java/lang/invoke/LambdaForm$MH+0x0000000015500000'
Event: 3462.005 Thread 0x0000019232bfc750 Unloading class 0x000000001568ec00 'java/lang/invoke/LambdaForm$MH+0x000000001568ec00'
Event: 3462.005 Thread 0x0000019232bfc750 Unloading class 0x000000001569c800 'java/lang/invoke/LambdaForm$MH+0x000000001569c800'
Event: 3462.005 Thread 0x0000019232bfc750 Unloading class 0x000000001569e000 'java/lang/invoke/LambdaForm$MH+0x000000001569e000'
Event: 3462.005 Thread 0x0000019232bfc750 Unloading class 0x000000001569ec00 'java/lang/invoke/LambdaForm$MH+0x000000001569ec00'
Event: 3462.005 Thread 0x0000019232bfc750 Unloading class 0x000000001564c800 'java/lang/invoke/LambdaForm$MH+0x000000001564c800'
Event: 3462.005 Thread 0x0000019232bfc750 Unloading class 0x0000000015442000 'java/lang/invoke/LambdaForm$MH+0x0000000015442000'
Event: 3462.005 Thread 0x0000019232bfc750 Unloading class 0x0000000015440c00 'java/lang/invoke/LambdaForm$BMH+0x0000000015440c00'
Event: 3462.005 Thread 0x0000019232bfc750 Unloading class 0x0000000015438c00 'java/lang/invoke/LambdaForm$MH+0x0000000015438c00'
Event: 3462.005 Thread 0x0000019232bfc750 Unloading class 0x0000000015436c00 'java/lang/invoke/LambdaForm$MH+0x0000000015436c00'
Event: 3462.005 Thread 0x0000019232bfc750 Unloading class 0x0000000015458400 'java/lang/invoke/LambdaForm$MH+0x0000000015458400'

Classes redefined (6 events):
Event: 2649.116 Thread 0x0000019232bfc750 redefined class name=com.kos.main.controller.mainController, count=1
Event: 3460.128 Thread 0x0000019232bfc750 redefined class name=com.kos.main.controller.mainController, count=1
Event: 3460.128 Thread 0x0000019232bfc750 redefined class name=com.kos.main.controller.mainController, count=2
Event: 4795.421 Thread 0x0000019232bfc750 redefined class name=com.kos.main.controller.mainController, count=2
Event: 4795.421 Thread 0x0000019232bfc750 redefined class name=com.kos.main.controller.mainController, count=3
Event: 4795.421 Thread 0x0000019232bfc750 redefined class name=com.kos.main.controller.mainController, count=1

Internal exceptions (20 events):
Event: 2650.681 Thread 0x0000019238034570 Exception <a 'java/io/FileNotFoundException'{0x00000007082686c8}> (0x00000007082686c8) 
thrown [s\src\hotspot\share\prims\jni.cpp, line 520]
Event: 2650.749 Thread 0x0000019238034570 Exception <a 'java/lang/NoSuchMethodError'{0x0000000707e5eef0}: 'void java.lang.invoke.DirectMethodHandle$Holder.invokeVirtual(java.lang.Object, java.lang.Object, java.lang.Object, java.lang.Object, java.lang.Object)'> (0x0000000707e5eef0) 
thrown [s\src\hotspot\share\interpreter\linkResolver.cpp, line 774]
Event: 2650.830 Thread 0x0000019238034570 Exception <a 'java/io/FileNotFoundException'{0x0000000706ddb030}> (0x0000000706ddb030) 
thrown [s\src\hotspot\share\prims\jni.cpp, line 520]
Event: 2650.877 Thread 0x0000019238034570 Exception <a 'java/lang/NoSuchMethodError'{0x000000070d01ff60}: 'long java.lang.invoke.DelegatingMethodHandle$Holder.reinvoke_L(java.lang.Object, java.lang.Object)'> (0x000000070d01ff60) 
thrown [s\src\hotspot\share\interpreter\linkResolver.cpp, line 774]
Event: 2650.877 Thread 0x0000019238034570 Exception <a 'java/lang/NoSuchMethodError'{0x000000070d026b50}: 'void java.lang.invoke.DelegatingMethodHandle$Holder.reinvoke_L(java.lang.Object, java.lang.Object, long)'> (0x000000070d026b50) 
thrown [s\src\hotspot\share\interpreter\linkResolver.cpp, line 774]
Event: 2651.366 Thread 0x0000019238036640 Exception <a 'java/lang/NoSuchMethodError'{0x0000000708648540}: static [B.<clinit>()V> (0x0000000708648540) 
thrown [s\src\hotspot\share\prims\jni.cpp, line 1111]
Event: 3461.253 Thread 0x00000192380324a0 Exception <a 'java/lang/InterruptedException'{0x0000000708026150}: sleep interrupted> (0x0000000708026150) 
thrown [s\src\hotspot\share\prims\jvm.cpp, line 3093]
Event: 3461.322 Thread 0x00000192381eda70 Exception <a 'sun/nio/fs/WindowsException'{0x0000000713e72168}> (0x0000000713e72168) 
thrown [s\src\hotspot\share\prims\jni.cpp, line 520]
Event: 3461.781 Thread 0x00000192381eda70 Exception <a 'java/lang/NoClassDefFoundError'{0x0000000708d204a8}: org/flywaydb/core/Flyway> (0x0000000708d204a8) 
thrown [s\src\hotspot\share\oops\constantPool.cpp, line 872]
Event: 3461.782 Thread 0x00000192381eda70 Exception <a 'java/lang/NoClassDefFoundError'{0x0000000708d20b08}: liquibase/integration/spring/SpringLiquibase> (0x0000000708d20b08) 
thrown [s\src\hotspot\share\oops\constantPool.cpp, line 872]
Event: 3461.787 Thread 0x00000192381eda70 Exception <a 'java/lang/NoClassDefFoundError'{0x0000000708d77198}: org/jooq/DSLContext> (0x0000000708d77198) 
thrown [s\src\hotspot\share\oops\constantPool.cpp, line 872]
Event: 3461.789 Thread 0x00000192381eda70 Exception <a 'java/lang/NoClassDefFoundError'{0x0000000708d78c70}: jakarta/persistence/EntityManagerFactory> (0x0000000708d78c70) 
thrown [s\src\hotspot\share\oops\constantPool.cpp, line 872]
Event: 3461.789 Thread 0x00000192381eda70 Exception <a 'java/lang/NoClassDefFoundError'{0x0000000708d792e0}: org/springframework/batch/core/repository/JobRepository> (0x0000000708d792e0) 
thrown [s\src\hotspot\share\oops\constantPool.cpp, line 872]
Event: 3461.790 Thread 0x00000192381eda70 Exception <a 'java/lang/NoClassDefFoundError'{0x0000000708d79938}: org/quartz/Scheduler> (0x0000000708d79938) 
thrown [s\src\hotspot\share\oops\constantPool.cpp, line 872]
Event: 3461.792 Thread 0x00000192381eda70 Exception <a 'java/lang/NoClassDefFoundError'{0x0000000708d79fb8}: org/springframework/session/jdbc/JdbcIndexedSessionRepository> (0x0000000708d79fb8) 
thrown [s\src\hotspot\share\oops\constantPool.cpp, line 872]
Event: 3461.852 Thread 0x00000192381eda70 Exception <a 'java/io/FileNotFoundException'{0x0000000708408fc0}> (0x0000000708408fc0) 
thrown [s\src\hotspot\share\prims\jni.cpp, line 520]
Event: 3462.679 Thread 0x00000192381eda70 Exception <a 'java/lang/NoSuchMethodError'{0x00000007097efba8}: 'void java.lang.invoke.DelegatingMethodHandle$Holder.reinvoke_L(java.lang.Object, java.lang.Object, int)'> (0x00000007097efba8) 
thrown [s\src\hotspot\share\interpreter\linkResolver.cpp, line 774]
Event: 3462.867 Thread 0x00000192397aee70 Exception <a 'java/lang/NoSuchMethodError'{0x00000007086063a0}: static [B.<clinit>()V> (0x00000007086063a0) 
thrown [s\src\hotspot\share\prims\jni.cpp, line 1111]
Event: 3695.432 Thread 0x00000192380331c0 Exception <a 'java/io/IOException'{0x00000007095ab490}> (0x00000007095ab490) 
thrown [s\src\hotspot\share\prims\jni.cpp, line 520]
Event: 4773.017 Thread 0x0000019238033850 Exception <a 'java/io/IOException'{0x000000070ca97a40}> (0x000000070ca97a40) 
thrown [s\src\hotspot\share\prims\jni.cpp, line 520]

ZGC Phase Switch (0 events):
No events

VM Operations (20 events):
Event: 4773.919 Executing VM operation: Cleanup
Event: 4773.919 Executing VM operation: Cleanup done
Event: 4795.392 Executing VM operation: ChangeSingleStep
Event: 4795.392 Executing VM operation: ChangeSingleStep done
Event: 4795.392 Executing VM operation: ChangeSingleStep
Event: 4795.392 Executing VM operation: ChangeSingleStep done
Event: 4795.393 Executing VM operation: ChangeSingleStep
Event: 4795.393 Executing VM operation: ChangeSingleStep done
Event: 4795.393 Executing VM operation: ChangeSingleStep
Event: 4795.393 Executing VM operation: ChangeSingleStep done
Event: 4795.409 Executing VM operation: RedefineClasses
Event: 4795.442 Executing VM operation: RedefineClasses done
Event: 4795.465 Executing VM operation: ChangeBreakpoints
Event: 4795.470 Executing VM operation: ChangeBreakpoints done
Event: 4795.475 Executing VM operation: ChangeBreakpoints
Event: 4795.479 Executing VM operation: ChangeBreakpoints done
Event: 4795.485 Executing VM operation: ChangeBreakpoints
Event: 4795.489 Executing VM operation: ChangeBreakpoints done
Event: 4795.493 Executing VM operation: ChangeSingleStep
Event: 4795.494 Executing VM operation: ChangeSingleStep done

Memory protections (0 events):
No events

Nmethod flushes (20 events):
Event: 3461.278 Thread 0x0000019232bfc750 flushing  nmethod 0x0000019228ca9b90
Event: 3461.278 Thread 0x0000019232bfc750 flushing  nmethod 0x0000019228ce0710
Event: 3461.278 Thread 0x0000019232bfc750 flushing  nmethod 0x0000019228ce1c90
Event: 3461.278 Thread 0x0000019232bfc750 flushing  nmethod 0x0000019228ce2010
Event: 3461.278 Thread 0x0000019232bfc750 flushing  nmethod 0x0000019228ce2890
Event: 3461.278 Thread 0x0000019232bfc750 flushing  nmethod 0x0000019228ce3690
Event: 3461.278 Thread 0x0000019232bfc750 flushing  nmethod 0x0000019228d03090
Event: 3461.278 Thread 0x0000019232bfc750 flushing  nmethod 0x0000019228d03790
Event: 3461.278 Thread 0x0000019232bfc750 flushing  nmethod 0x0000019228d04710
Event: 3461.278 Thread 0x0000019232bfc750 flushing  nmethod 0x0000019228d2b790
Event: 3461.278 Thread 0x0000019232bfc750 flushing  nmethod 0x0000019228d2c710
Event: 3461.278 Thread 0x0000019232bfc750 flushing  nmethod 0x0000019228d2d290
Event: 3461.278 Thread 0x0000019232bfc750 flushing  nmethod 0x0000019228d41810
Event: 3461.278 Thread 0x0000019232bfc750 flushing  nmethod 0x0000019228d44890
Event: 3461.278 Thread 0x0000019232bfc750 flushing  nmethod 0x0000019228d67910
Event: 3461.278 Thread 0x0000019232bfc750 flushing  nmethod 0x0000019228d68310
Event: 3461.278 Thread 0x0000019232bfc750 flushing  nmethod 0x0000019228d69190
Event: 3461.278 Thread 0x0000019232bfc750 flushing  nmethod 0x0000019228d8c190
Event: 3461.278 Thread 0x0000019232bfc750 flushing  nmethod 0x0000019228de8a90
Event: 3462.012 Thread 0x0000019232bfc750 flushing  nmethod 0x000001922889c710

Events (20 events):
Event: 3476.061 Thread 0x000001923911fc20 Thread exited: 0x000001923911fc20
Event: 3482.877 Thread 0x000001923911f550 Thread exited: 0x000001923911f550
Event: 3525.397 Thread 0x00000192380379f0 Thread exited: 0x00000192380379f0
Event: 3537.879 Thread 0x00000192397b0f40 Thread exited: 0x00000192397b0f40
Event: 3549.196 Thread 0x00000192397afb90 Thread exited: 0x00000192397afb90
Event: 3552.873 Thread 0x00000192397b0220 Thread exited: 0x00000192397b0220
Event: 3646.729 Thread 0x0000019232cba6a0 Thread added: 0x000001923911f550
Event: 3646.792 Thread 0x0000019232cba6a0 Thread added: 0x000001923911fc20
Event: 3646.793 Thread 0x0000019232cba6a0 Thread added: 0x000001923911c5a0
Event: 3646.835 Thread 0x0000019238034570 Thread added: 0x00000192397b0f40
Event: 3646.838 Thread 0x00000192397b0f40 Thread exited: 0x00000192397b0f40
Event: 3647.601 Thread 0x000001923911c5a0 Thread exited: 0x000001923911c5a0
Event: 3647.601 Thread 0x000001923911fc20 Thread exited: 0x000001923911fc20
Event: 3647.601 Thread 0x000001923911f550 Thread exited: 0x000001923911f550
Event: 3647.602 Thread 0x0000019238031780 Thread added: 0x00000192397b08b0
Event: 3647.608 Thread 0x00000192397b08b0 Thread exited: 0x00000192397b08b0
Event: 4747.117 Thread 0x0000019238034c00 Thread added: 0x00000192397afb90
Event: 4747.124 Thread 0x00000192397afb90 Thread exited: 0x00000192397afb90
Event: 4747.775 Thread 0x0000019238031780 Thread added: 0x00000192397b0f40
Event: 4747.780 Thread 0x00000192397b0f40 Thread exited: 0x00000192397b0f40


Dynamic libraries:
0x00007ff600000000 - 0x00007ff60000e000 	C:\Users\SAMSUNG\.p2\pool\plugins\org.eclipse.justj.openjdk.hotspot.jre.full.win32.x86_64_22.0.2.v20240802-1626\jre\bin\javaw.exe
0x00007ffce1090000 - 0x00007ffce12a7000 	C:\WINDOWS\SYSTEM32\ntdll.dll
0x00007ffcdf9a0000 - 0x00007ffcdfa64000 	C:\WINDOWS\System32\KERNEL32.DLL
0x00007ffcde4a0000 - 0x00007ffcde859000 	C:\WINDOWS\System32\KERNELBASE.dll
0x00007ffcdeaf0000 - 0x00007ffcdec01000 	C:\WINDOWS\System32\ucrtbase.dll
0x00007ffc65b50000 - 0x00007ffc65b6b000 	C:\Users\SAMSUNG\.p2\pool\plugins\org.eclipse.justj.openjdk.hotspot.jre.full.win32.x86_64_22.0.2.v20240802-1626\jre\bin\VCRUNTIME140.dll
0x00007ffc78380000 - 0x00007ffc78397000 	C:\Users\SAMSUNG\.p2\pool\plugins\org.eclipse.justj.openjdk.hotspot.jre.full.win32.x86_64_22.0.2.v20240802-1626\jre\bin\jli.dll
0x00007ffcdf060000 - 0x00007ffcdf20e000 	C:\WINDOWS\System32\USER32.dll
0x00007ffcde8e0000 - 0x00007ffcde906000 	C:\WINDOWS\System32\win32u.dll
0x00007ffcdf2a0000 - 0x00007ffcdf2c9000 	C:\WINDOWS\System32\GDI32.dll
0x00007ffcde910000 - 0x00007ffcdea2b000 	C:\WINDOWS\System32\gdi32full.dll
0x00007ffcde400000 - 0x00007ffcde49a000 	C:\WINDOWS\System32\msvcp_win.dll
0x00007ffcc6940000 - 0x00007ffcc6bd2000 	C:\WINDOWS\WinSxS\amd64_microsoft.windows.common-controls_6595b64144ccf1df_6.0.22621.4391_none_2715d37f73803e96\COMCTL32.dll
0x00007ffcdf6c0000 - 0x00007ffcdf767000 	C:\WINDOWS\System32\msvcrt.dll
0x00007ffce0d60000 - 0x00007ffce0d91000 	C:\WINDOWS\System32\IMM32.DLL
0x00007ffc68970000 - 0x00007ffc6897c000 	C:\Users\SAMSUNG\.p2\pool\plugins\org.eclipse.justj.openjdk.hotspot.jre.full.win32.x86_64_22.0.2.v20240802-1626\jre\bin\vcruntime140_1.dll
0x00007ffc5e130000 - 0x00007ffc5e1be000 	C:\Users\SAMSUNG\.p2\pool\plugins\org.eclipse.justj.openjdk.hotspot.jre.full.win32.x86_64_22.0.2.v20240802-1626\jre\bin\msvcp140.dll
0x00007ffc731c0000 - 0x00007ffc73f83000 	C:\Users\SAMSUNG\.p2\pool\plugins\org.eclipse.justj.openjdk.hotspot.jre.full.win32.x86_64_22.0.2.v20240802-1626\jre\bin\server\jvm.dll
0x00007ffcdee90000 - 0x00007ffcdef42000 	C:\WINDOWS\System32\ADVAPI32.dll
0x00007ffcdef50000 - 0x00007ffcdeff7000 	C:\WINDOWS\System32\sechost.dll
0x00007ffcded80000 - 0x00007ffcdeda8000 	C:\WINDOWS\System32\bcrypt.dll
0x00007ffce0150000 - 0x00007ffce0264000 	C:\WINDOWS\System32\RPCRT4.dll
0x00007ffce0440000 - 0x00007ffce04b1000 	C:\WINDOWS\System32\WS2_32.dll
0x00007ffcddc60000 - 0x00007ffcddcad000 	C:\WINDOWS\SYSTEM32\POWRPROF.dll
0x00007ffccfae0000 - 0x00007ffccfb14000 	C:\WINDOWS\SYSTEM32\WINMM.dll
0x00007ffcd5cf0000 - 0x00007ffcd5cfa000 	C:\WINDOWS\SYSTEM32\VERSION.dll
0x00007ffcddc40000 - 0x00007ffcddc53000 	C:\WINDOWS\SYSTEM32\UMPDC.dll
0x00007ffcdd3d0000 - 0x00007ffcdd3e8000 	C:\WINDOWS\SYSTEM32\kernel.appcore.dll
0x00007ffcd3fb0000 - 0x00007ffcd3fba000 	C:\Users\SAMSUNG\.p2\pool\plugins\org.eclipse.justj.openjdk.hotspot.jre.full.win32.x86_64_22.0.2.v20240802-1626\jre\bin\jimage.dll
0x00007ffcdbe70000 - 0x00007ffcdc0a2000 	C:\WINDOWS\SYSTEM32\DBGHELP.DLL
0x00007ffcdf2d0000 - 0x00007ffcdf65f000 	C:\WINDOWS\System32\combase.dll
0x00007ffcdedb0000 - 0x00007ffcdee87000 	C:\WINDOWS\System32\OLEAUT32.dll
0x00007ffcd7120000 - 0x00007ffcd7152000 	C:\WINDOWS\SYSTEM32\dbgcore.DLL
0x00007ffcde860000 - 0x00007ffcde8db000 	C:\WINDOWS\System32\bcryptPrimitives.dll
0x00007ffcc5d20000 - 0x00007ffcc5d5c000 	C:\Users\SAMSUNG\.p2\pool\plugins\org.eclipse.justj.openjdk.hotspot.jre.full.win32.x86_64_22.0.2.v20240802-1626\jre\bin\jdwp.dll
0x00007ffcc4bc0000 - 0x00007ffcc4bcf000 	C:\Users\SAMSUNG\.p2\pool\plugins\org.eclipse.justj.openjdk.hotspot.jre.full.win32.x86_64_22.0.2.v20240802-1626\jre\bin\instrument.dll
0x00007ffc783a0000 - 0x00007ffc783be000 	C:\Users\SAMSUNG\.p2\pool\plugins\org.eclipse.justj.openjdk.hotspot.jre.full.win32.x86_64_22.0.2.v20240802-1626\jre\bin\java.dll
0x00007ffce04c0000 - 0x00007ffce0d36000 	C:\WINDOWS\System32\SHELL32.dll
0x00007ffce0da0000 - 0x00007ffce0f45000 	C:\WINDOWS\System32\ole32.dll
0x00007ffc78360000 - 0x00007ffc78377000 	C:\Users\SAMSUNG\.p2\pool\plugins\org.eclipse.justj.openjdk.hotspot.jre.full.win32.x86_64_22.0.2.v20240802-1626\jre\bin\zip.dll
0x00007ffcdc2d0000 - 0x00007ffcdcbd3000 	C:\WINDOWS\SYSTEM32\windows.storage.dll
0x00007ffcdc0b0000 - 0x00007ffcdc1ef000 	C:\WINDOWS\SYSTEM32\wintypes.dll
0x00007ffcdf780000 - 0x00007ffcdf879000 	C:\WINDOWS\System32\SHCORE.dll
0x00007ffcdf890000 - 0x00007ffcdf8ee000 	C:\WINDOWS\System32\shlwapi.dll
0x00007ffcde2c0000 - 0x00007ffcde2eb000 	C:\WINDOWS\SYSTEM32\profapi.dll
0x00007ffcd83b0000 - 0x00007ffcd83bc000 	C:\Users\SAMSUNG\.p2\pool\plugins\org.eclipse.justj.openjdk.hotspot.jre.full.win32.x86_64_22.0.2.v20240802-1626\jre\bin\dt_socket.dll
0x00007ffcdce30000 - 0x00007ffcdce5d000 	C:\WINDOWS\SYSTEM32\IPHLPAPI.DLL
0x00007ffcdd850000 - 0x00007ffcdd8b9000 	C:\WINDOWS\system32\mswsock.dll
0x00007ffcdce60000 - 0x00007ffcdcf62000 	C:\WINDOWS\SYSTEM32\DNSAPI.dll
0x00007ffcdf880000 - 0x00007ffcdf889000 	C:\WINDOWS\System32\NSI.dll
0x00007ffcd2d80000 - 0x00007ffcd2d8a000 	C:\Windows\System32\rasadhlp.dll
0x00007ffccf830000 - 0x00007ffccf8b3000 	C:\WINDOWS\System32\fwpuclnt.dll
0x00007ffcad8b0000 - 0x00007ffcad8c0000 	C:\Users\SAMSUNG\.p2\pool\plugins\org.eclipse.justj.openjdk.hotspot.jre.full.win32.x86_64_22.0.2.v20240802-1626\jre\bin\net.dll
0x00007ffc78340000 - 0x00007ffc78356000 	C:\Users\SAMSUNG\.p2\pool\plugins\org.eclipse.justj.openjdk.hotspot.jre.full.win32.x86_64_22.0.2.v20240802-1626\jre\bin\nio.dll
0x00007ffcadf50000 - 0x00007ffcadf5a000 	C:\Users\SAMSUNG\.p2\pool\plugins\org.eclipse.justj.openjdk.hotspot.jre.full.win32.x86_64_22.0.2.v20240802-1626\jre\bin\management.dll
0x00007ffcadde0000 - 0x00007ffcaddeb000 	C:\Users\SAMSUNG\.p2\pool\plugins\org.eclipse.justj.openjdk.hotspot.jre.full.win32.x86_64_22.0.2.v20240802-1626\jre\bin\management_ext.dll
0x00007ffce0140000 - 0x00007ffce0148000 	C:\WINDOWS\System32\PSAPI.DLL
0x00007ffcb48f0000 - 0x00007ffcb4907000 	C:\WINDOWS\system32\napinsp.dll
0x00007ffcb4870000 - 0x00007ffcb488b000 	C:\WINDOWS\system32\pnrpnsp.dll
0x00007ffcb4850000 - 0x00007ffcb4861000 	C:\WINDOWS\System32\winrnr.dll
0x00007ffccc440000 - 0x00007ffccc455000 	C:\WINDOWS\system32\wshbth.dll
0x00007ffcb4820000 - 0x00007ffcb4847000 	C:\WINDOWS\system32\nlansp_c.dll
0x00007ffcddaa0000 - 0x00007ffcddabb000 	C:\WINDOWS\SYSTEM32\CRYPTSP.dll
0x00007ffcdd330000 - 0x00007ffcdd365000 	C:\WINDOWS\system32\rsaenh.dll
0x00007ffcdd940000 - 0x00007ffcdd968000 	C:\WINDOWS\SYSTEM32\USERENV.dll
0x00007ffcddac0000 - 0x00007ffcddacc000 	C:\WINDOWS\SYSTEM32\CRYPTBASE.dll
0x00007ffcd50a0000 - 0x00007ffcd50a9000 	C:\Users\SAMSUNG\.p2\pool\plugins\org.eclipse.justj.openjdk.hotspot.jre.full.win32.x86_64_22.0.2.v20240802-1626\jre\bin\extnet.dll
0x00007ffc78330000 - 0x00007ffc78340000 	C:\Users\SAMSUNG\.p2\pool\plugins\org.eclipse.justj.openjdk.hotspot.jre.full.win32.x86_64_22.0.2.v20240802-1626\jre\bin\verify.dll
0x00007ffcc4bb0000 - 0x00007ffcc4bbe000 	C:\Users\SAMSUNG\.p2\pool\plugins\org.eclipse.justj.openjdk.hotspot.jre.full.win32.x86_64_22.0.2.v20240802-1626\jre\bin\sunmscapi.dll
0x00007ffcdec10000 - 0x00007ffcded76000 	C:\WINDOWS\System32\CRYPT32.dll
0x00007ffcddd50000 - 0x00007ffcddd7d000 	C:\WINDOWS\SYSTEM32\ncrypt.dll
0x00007ffcddd10000 - 0x00007ffcddd47000 	C:\WINDOWS\SYSTEM32\NTASN1.dll
0x00007ffcd5090000 - 0x00007ffcd5098000 	C:\WINDOWS\system32\wshunix.dll

dbghelp: loaded successfully - version: 4.0.5 - missing functions: none
symbol engine: initialized successfully - sym options: 0x614 - pdb path: .;C:\Users\SAMSUNG\.p2\pool\plugins\org.eclipse.justj.openjdk.hotspot.jre.full.win32.x86_64_22.0.2.v20240802-1626\jre\bin;C:\WINDOWS\SYSTEM32;C:\WINDOWS\WinSxS\amd64_microsoft.windows.common-controls_6595b64144ccf1df_6.0.22621.4391_none_2715d37f73803e96;C:\Users\SAMSUNG\.p2\pool\plugins\org.eclipse.justj.openjdk.hotspot.jre.full.win32.x86_64_22.0.2.v20240802-1626\jre\bin\server

VM Arguments:
jvm_args: -XX:+ShowCodeDetailsInExceptionMessages -agentlib:jdwp=transport=dt_socket,suspend=y,address=localhost:51014 -Dcom.sun.management.jmxremote -Dcom.sun.management.jmxremote.port=51013 -Dcom.sun.management.jmxremote.authenticate=false -Dcom.sun.management.jmxremote.ssl=false -Djava.rmi.server.hostname=localhost -Dspring.jmx.enabled=true -Dmanagement.endpoints.jmx.exposure.include=* -Dspring.application.admin.enabled=true -XX:TieredStopAtLevel=1 -Dspring.boot.project.name=kos -javaagent:C:\Users\SAMSUNG\eclipse\java-2024-06\eclipse\configuration\org.eclipse.osgi\251\0\.cp\lib\javaagent-shaded.jar -Dfile.encoding=UTF-8 -Dstdout.encoding=UTF-8 -Dstderr.encoding=UTF-8 
java_command: com.kos.KosApplication --spring.output.ansi.enabled=always
java_class_path (initial): C:\Users\SAMSUNG\eclipse-workspace\kos\target\classes;C:\Users\SAMSUNG\.m2\repository\org\springframework\boot\spring-boot-starter-web\3.3.5\spring-boot-starter-web-3.3.5.jar;C:\Users\SAMSUNG\.m2\repository\org\springframework\boot\spring-boot-starter\3.3.5\spring-boot-starter-3.3.5.jar;C:\Users\SAMSUNG\.m2\repository\org\springframework\boot\spring-boot-starter-logging\3.3.5\spring-boot-starter-logging-3.3.5.jar;C:\Users\SAMSUNG\.m2\repository\ch\qos\logback\logback-classic\1.5.11\logback-classic-1.5.11.jar;C:\Users\SAMSUNG\.m2\repository\ch\qos\logback\logback-core\1.5.11\logback-core-1.5.11.jar;C:\Users\SAMSUNG\.m2\repository\org\apache\logging\log4j\log4j-to-slf4j\2.23.1\log4j-to-slf4j-2.23.1.jar;C:\Users\SAMSUNG\.m2\repository\org\slf4j\jul-to-slf4j\2.0.16\jul-to-slf4j-2.0.16.jar;C:\Users\SAMSUNG\.m2\repository\org\yaml\snakeyaml\2.2\snakeyaml-2.2.jar;C:\Users\SAMSUNG\.m2\repository\org\springframework\boot\spring-boot-starter-json\3.3.5\spring-boot-starter-json-3.3.5.jar;C:\Users\SAMSUNG\.m2\repository\com\fasterxml\jackson\core\jackson-databind\2.17.2\jackson-databind-2.17.2.jar;C:\Users\SAMSUNG\.m2\repository\com\fasterxml\jackson\core\jackson-annotations\2.17.2\jackson-annotations-2.17.2.jar;C:\Users\SAMSUNG\.m2\repository\com\fasterxml\jackson\core\jackson-core\2.17.2\jackson-core-2.17.2.jar;C:\Users\SAMSUNG\.m2\repository\com\fasterxml\jackson\datatype\jackson-datatype-jdk8\2.17.2\jackson-datatype-jdk8-2.17.2.jar;C:\Users\SAMSUNG\.m2\repository\com\fasterxml\jackson\datatype\jackson-datatype-jsr310\2.17.2\jackson-datatype-jsr310-2.17.2.jar;C:\Users\SAMSUNG\.m2\repository\com\fasterxml\jackson\module\jackson-module-parameter-names\2.17.2\jackson-module-parameter-names-2.17.2.jar;C:\Users\SAMSUNG\.m2\repository\org\springframework\spring-web\6.1.14\spring-web-6.1.14.jar;C:\Users\SAMSUNG\.m2\repository\io\micrometer\micrometer-observation\1.13.6\micrometer-observation-1.13.6.jar;C:\Users\SAMSUNG\.m2\repository\io\micrometer\micrometer-commons\1.13.6\micrometer-commons-1.13.6.jar;C:\Users\SAMSUNG\.m2\repository\org\springframework\spring-webmvc\6.1.14\spring-webmvc-6.1.14.jar;C:\Users\SAMSUNG\.m2\repository\org\mybatis\spring\boot\mybatis-spring-boot-starter\3.0.3\mybatis-spring-boot-starter-3.0.3.jar;C:\Users\SAMSUNG\.m2\repository\org\springframework\boot\spring-boot-starter-jdbc\3.3.5\spring-boot-starter-jdbc-3.3.5.jar;C:\Users\SAMSUNG\.m2\repository\com\zaxxer\HikariCP\5.1.0\HikariCP-5.1.0.jar;C:\Users\SAMSUNG\.m2\repository\org\springframework\spring-jdbc\6.1.14\spring-jdbc-6.1.14.jar;C:\Users\SAMSUNG\.m2\repository\org\mybatis\spring\boot\mybatis-spring-boot-autoconfigure\3.0.3\mybatis-spring-boot-autoconfigure-3.0.3.jar;C:\Users\SAMSUNG\.m2\repository\org\mybatis\mybatis\3.5.14\mybatis-3.5.14.jar;C:\Users\SAMSUNG\.m2\repository\org\mybatis\mybatis-spring\3.0.3\mybatis-spring-3.0.3.jar;C:\Users\SAMSUNG\.m2\repository\org\springframework\boot\spring-boot-devtools\3.3.5\spring-boot-devtools-3.3.5.jar;C:\Users\SAMSUNG\.m2\repository\org\springframework\boot\spring-boot\3.3.5\spring-boot-3.3.5.jar;C:\Users\SAMSUNG\.m2\repository\org\springframework\boot\spring-boot-autoconfigure\3.3.5\spring-boot-autoconfigure-3.3.5.jar;C:\Users\SAMSUNG\.m2\repository\com\oracle\database\jdbc\ojdbc11\21.9.0.0\ojdbc11-21.9.0.0.jar;C:\Users\SAMSUNG\.m2\repository\org\projectlombok\lombok\1.18.34\lombok-1.18.34.jar;C:\Users\SAMSUNG\.m2\repository\org\springframework\boot\spring-boot-starter-tomcat\3.3.5\spring-boot-starter-tomcat-3.3.5.jar;C:\Users\SAMSUNG\.m2\repository\jakarta\annotation\jakarta.annotation-api\2.1.1\jakarta.annotation-api-2.1.1.jar;C:\Users\SAMSUNG\.m2\repository\org\apache\tomcat\embed\tomcat-embed-core\10.1.31\tomcat-embed-core-10.1.31.jar;C:\Users\SAMSUNG\.m2\repository\org\apache\tomcat\embed\tomcat-embed-el\10.1.31\tomcat-embed-el-10.1.31.jar;C:\Users\SAMSUNG\.m2\repository\org\apache\tomcat\embed\tomcat-embed-websocket\10.1.31\tomcat-embed-websocket-10.1.31.jar;C:\Users\SAMSUNG\.m2\repository\org\slf4j\slf4j-api\2.0.16\slf4j-api-2.0.16.jar;C:\Users\SAMSUNG\.m2\repository\org\springframework\spring-core\6.1.14\spring-core-6.1.14.jar;C:\Users\SAMSUNG\.m2\repository\org\springframework\spring-jcl\6.1.14\spring-jcl-6.1.14.jar;C:\Users\SAMSUNG\.m2\repository\org\springframework\spring-tx\6.1.14\spring-tx-6.1.14.jar;C:\Users\SAMSUNG\.m2\repository\org\apache\tomcat\embed\tomcat-embed-jasper\10.1.31\tomcat-embed-jasper-10.1.31.jar;C:\Users\SAMSUNG\.m2\repository\org\eclipse\jdt\ecj\3.33.0\ecj-3.33.0.jar;C:\Users\SAMSUNG\.m2\repository\org\apache\tomcat\tomcat-catalina\9.0.45\tomcat-catalina-9.0.45.jar;C:\Users\SAMSUNG\.m2\repository\org\apache\tomcat\tomcat-servlet-api\9.0.45\tomcat-servlet-api-9.0.45.jar;C:\Users\SAMSUNG\.m2\repository\org\apache\tomcat\tomcat-jsp-api\10.1.31\tomcat-jsp-api-10.1.31.jar;C:\Users\SAMSUNG\.m2\repository\org\apache\tomcat\tomcat-el-api\10.1.31\tomcat-el-api-10.1.31.jar;C:\Users\SAMSUNG\.m2\repository\org\apache\tomcat\tomcat-juli\9.0.45\tomcat-juli-9.0.45.jar;C:\Users\SAMSUNG\.m2\repository\org\apache\tomcat\tomcat-annotations-api\10.1.31\tomcat-annotations-api-10.1.31.jar;C:\Users\SAMSUNG\.m2\repository\org\apache\tomcat\tomcat-api\9.0.45\tomcat-api-9.0.45.jar;C:\Users\SAMSUNG\.m2\repository\org\apache\tomcat\tomcat-jni\9.0.45\tomcat-jni-9.0.45.jar;C:\Users\SAMSUNG\.m2\repository\org\apache\tomcat\tomcat-coyote\9.0.45\tomcat-coyote-9.0.45.jar;C:\Users\SAMSUNG\.m2\repository\org\apache\tomcat\tomcat-util\9.0.45\tomcat-util-9.0.45.jar;C:\Users\SAMSUNG\.m2\repository\org\apache\tomcat\tomcat-util-scan\9.0.45\tomcat-util-scan-9.0.45.jar;C:\Users\SAMSUNG\.m2\repository\org\apache\tomcat\tomcat-jaspic-api\9.0.45\tomcat-jaspic-api-9.0.45.jar;C:\Users\SAMSUNG\.m2\repository\commons-io\commons-io\2.8.0\commons-io-2.8.0.jar;C:\Users\SAMSUNG\.m2\repository\org\codehaus\jackson\jackson-mapper-asl\1.9.13\jackson-mapper-asl-1.9.13.jar;C:\Users\SAMSUNG\.m2\repository\org\codehaus\jackson\jackson-core-asl\1.9.13\jackson-core-asl-1.9.13.jar;C:\Users\SAMSUNG\.m2\repository\javax\servlet\jstl\1.2\jstl-1.2.jar;C:\Users\SAMSUNG\.m2\repository\commons-codec\commons-codec\1.15\commons-codec-1.15.jar;C:\Users\SAMSUNG\.m2\repository\org\apache\poi\poi\5.2.3\poi-5.2.3.jar;C:\Users\SAMSUNG\.m2\repository\org\apache\commons\commons-collections4\4.4\commons-collections4-4.4.jar;C:\Users\SAMSUNG\.m2\repository\org\apache\commons\commons-math3\3.6.1\commons-math3-3.6.1.jar;C:\Users\SAMSUNG\.m2\repository\com\zaxxer\SparseBitSet\1.2\SparseBitSet-1.2.jar;C:\Users\SAMSUNG\.m2\repository\org\apache\logging\log4j\log4j-api\2.23.1\log4j-api-2.23.1.jar;C:\Users\SAMSUNG\.m2\repository\org\apache\poi\poi-ooxml\5.2.3\poi-ooxml-5.2.3.jar;C:\Users\SAMSUNG\.m2\repository\org\apache\poi\poi-ooxml-lite\5.2.3\poi-ooxml-lite-5.2.3.jar;C:\Users\SAMSUNG\.m2\repository\org\apache\commons\commons-compress\1.21\commons-compress-1.21.jar;C:\Users\SAMSUNG\.m2\repository\com\github\virtuald\curvesapi\1.07\curvesapi-1.07.jar;C:\Users\SAMSUNG\.m2\repository\org\apache\poi\poi-ooxml-schemas\4.1.2\poi-ooxml-schemas-4.1.2.jar;C:\Users\SAMSUNG\.m2\repository\org\apache\xmlbeans\xmlbeans\5.1.1\xmlbeans-5.1.1.jar;C:\Users\SAMSUNG\.m2\repository\org\apache\tika\tika-core\1.26\tika-core-1.26.jar;C:\Users\SAMSUNG\.m2\repository\javax\xml\bind\jaxb-api\2.3.1\jaxb-api-2.3.1.jar;C:\Users\SAMSUNG\.m2\repository\javax\activation\javax.activation-api\1.2.0\javax.activation-api-1.2.0.jar;C:\Users\SAMSUNG\.m2\repository\javax\activation\activation\1.1.1\activation-1.1.1.jar;C:\Users\SAMSUNG\.m2\repository\org\springframework\security\spring-security-web\6.3.4\spring-security-web-6.3.4.jar;C:\Users\SAMSUNG\.m2\repository\org\springframework\security\spring-security-core\6.3.4\spring-security-core-6.3.4.jar;C:\Users\SAMSUNG\.m2\repository\org\springframework\security\spring-security-crypto\6.3.4\spring-security-crypto-6.3.4.jar;C:\Users\SAMSUNG\.m2\repository\org\springframework\spring-aop\6.1.14\spring-aop-6.1.14.jar;C:\Users\SAMSUNG\.m2\repository\org\springframework\spring-beans\6.1.14\spring-beans-6.1.14.jar;C:\Users\SAMSUNG\.m2\repository\org\springframework\spring-context\6.1.14\spring-context-6.1.14.jar;C:\Users\SAMSUNG\.m2\repository\org\springframework\spring-expression\6.1.14\spring-expression-6.1.14.jar;C:\Users\SAMSUNG\.m2\repository\org\python\jython\2.7.4\jython-2.7.4.jar
Launcher Type: SUN_STANDARD

[Global flags]
     intx CICompilerCount                          = 4                                         {product} {ergonomic}
     uint ConcGCThreads                            = 2                                         {product} {ergonomic}
     uint G1ConcRefinementThreads                  = 8                                         {product} {ergonomic}
   size_t G1HeapRegionSize                         = 2097152                                   {product} {ergonomic}
   size_t InitialHeapSize                          = 264241152                                 {product} {ergonomic}
     bool ManagementServer                         = true                                      {product} {command line}
   size_t MarkStackSize                            = 4194304                                   {product} {ergonomic}
   size_t MaxHeapSize                              = 4223664128                                {product} {ergonomic}
   size_t MaxNewSize                               = 2533359616                                {product} {ergonomic}
   size_t MinHeapDeltaBytes                        = 2097152                                   {product} {ergonomic}
   size_t MinHeapSize                              = 8388608                                   {product} {ergonomic}
    uintx NonNMethodCodeHeapSize                   = 4096                                   {pd product} {ergonomic}
    uintx NonProfiledCodeHeapSize                  = 0                                      {pd product} {ergonomic}
     bool ProfileInterpreter                       = false                                  {pd product} {command line}
    uintx ProfiledCodeHeapSize                     = 0                                      {pd product} {ergonomic}
     bool ShowCodeDetailsInExceptionMessages       = true                                   {manageable} {command line}
   size_t SoftMaxHeapSize                          = 4223664128                             {manageable} {ergonomic}
     intx TieredStopAtLevel                        = 1                                         {product} {command line}
     bool UseCompressedOops                        = true                           {product lp64_product} {ergonomic}
     bool UseG1GC                                  = true                                      {product} {ergonomic}
     bool UseLargePagesIndividualAllocation        = false                                  {pd product} {ergonomic}

Logging:
Log output configuration:
 #0: stdout all=warning uptime,level,tags foldmultilines=false
 #1: stderr all=off uptime,level,tags foldmultilines=false

Environment Variables:
PATH=C:\Users\SAMSUNG\.p2\pool\plugins\org.eclipse.justj.openjdk.hotspot.jre.full.win32.x86_64_22.0.2.v20240802-1626\jre\bin;C:/Users/SAMSUNG/.p2/pool/plugins/org.eclipse.justj.openjdk.hotspot.jre.full.win32.x86_64_22.0.2.v20240802-1626/jre/bin/server;C:/Users/SAMSUNG/.p2/pool/plugins/org.eclipse.justj.openjdk.hotspot.jre.full.win32.x86_64_22.0.2.v20240802-1626/jre/bin;C:\Oracle\bin;C:\Program Files\Common Files\Oracle\Java\javapath;C:\WINDOWS\system32;C:\WINDOWS;C:\WINDOWS\System32\Wbem;C:\WINDOWS\System32\WindowsPowerShell\v1.0\;C:\WINDOWS\System32\OpenSSH\;C:\Program Files\MATLAB\R2023b\bin;C:\Oracle\bin;C:\Program Files\Common Files\Oracle\Java\javapath;C:\WINDOWS\system32;C:\WINDOWS;C:\WINDOWS\System32\Wbem;C:\WINDOWS\System32\WindowsPowerShell\v1.0\;C:\WINDOWS\System32\OpenSSH\;C:\Program Files\MATLAB\R2023b\bin;C:\Users\SAMSUNG\Desktop\\\Scripts\;C:\Users\SAMSUNG\Desktop\\\;C:\Users\SAMSUNG\AppData\Local\Microsoft\WindowsApps;C:\Users\SAMSUNG\AppData\Local\afreeca;C:\Users\SAMSUNG\AppData\Local\GitHubDesktop\bin;C:\Users\SAMSUNG\jython\bin;C:\Users\SAMSUNG\Desktop;
USERNAME=SAMSUNG
OS=Windows_NT
PROCESSOR_IDENTIFIER=Intel64 Family 6 Model 140 Stepping 1, GenuineIntel
TMP=C:\Users\SAMSUNG\AppData\Local\Temp
TEMP=C:\Users\SAMSUNG\AppData\Local\Temp




Periodic native trim disabled

---------------  S Y S T E M  ---------------

OS:
 Windows 11 , 64 bit Build 22621 (10.0.22621.4391)
OS uptime: 0 days 1:27 hours

CPU: total 8 (initial active 8) (4 cores per cpu, 2 threads per core) family 6 model 140 stepping 1 microcode 0x8a, cx8, cmov, fxsr, ht, mmx, 3dnowpref, sse, sse2, sse3, ssse3, sse4.1, sse4.2, popcnt, lzcnt, tsc, tscinvbit, avx, avx2, aes, erms, clmul, bmi1, bmi2, adx, avx512f, avx512dq, avx512cd, avx512bw, avx512vl, sha, fma, vzeroupper, avx512_vpopcntdq, avx512_vpclmulqdq, avx512_vaes, avx512_vnni, clflush, clflushopt, clwb, avx512_vbmi2, avx512_vbmi, rdtscp, rdpid, fsrm, gfni, avx512_bitalg, f16c, pku, cet_ibt, cet_ss, avx512_ifma
Processor Information for processor 0
  Max Mhz: 2419, Current Mhz: 2419, Mhz Limit: 2419
Processor Information for processor 1
  Max Mhz: 2419, Current Mhz: 2419, Mhz Limit: 2419
Processor Information for processor 2
  Max Mhz: 2419, Current Mhz: 2419, Mhz Limit: 2419
Processor Information for processor 3
  Max Mhz: 2419, Current Mhz: 2419, Mhz Limit: 2419
Processor Information for processor 4
  Max Mhz: 2419, Current Mhz: 2419, Mhz Limit: 2419
Processor Information for processor 5
  Max Mhz: 2419, Current Mhz: 1209, Mhz Limit: 2419
Processor Information for processor 6
  Max Mhz: 2419, Current Mhz: 2419, Mhz Limit: 2419
Processor Information for processor 7
  Max Mhz: 2419, Current Mhz: 2419, Mhz Limit: 2419

Memory: 4k page, system-wide physical 16107M (8085M free)
TotalPageFile size 18539M (AvailPageFile size 4574M)
current process WorkingSet (physical memory assigned to process): 252M, peak: 258M
current process commit charge ("private bytes"): 290M, peak: 360M

vm_info: OpenJDK 64-Bit Server VM (22.0.2+9) for windows-amd64 JRE (22.0.2+9), built on 2024-07-16T00:00:00Z by "admin" with MS VC++ 17.7 (VS2022)

END.
